{"/Users/mason/Desktop/jr/jr-cms-prd/server/src/routes.js": {"path":"/Users/mason/Desktop/jr/jr-cms-prd/server/src/routes.js","statementMap":{"0":{"start":{"line":1,"column":16},"end":{"line":1,"column":34}},"1":{"start":{"line":2,"column":18},"end":{"line":2,"column":42}},"2":{"start":{"line":3,"column":18},"end":{"line":3,"column":42}},"3":{"start":{"line":4,"column":20},"end":{"line":4,"column":46}},"4":{"start":{"line":5,"column":21},"end":{"line":5,"column":48}},"5":{"start":{"line":6,"column":21},"end":{"line":6,"column":48}},"6":{"start":{"line":7,"column":18},"end":{"line":7,"column":52}},"7":{"start":{"line":9,"column":15},"end":{"line":9,"column":31}},"8":{"start":{"line":11,"column":0},"end":{"line":11,"column":32}},"9":{"start":{"line":12,"column":0},"end":{"line":12,"column":31}},"10":{"start":{"line":13,"column":0},"end":{"line":13,"column":47}},"11":{"start":{"line":14,"column":0},"end":{"line":14,"column":49}},"12":{"start":{"line":15,"column":0},"end":{"line":15,"column":49}},"13":{"start":{"line":17,"column":0},"end":{"line":17,"column":24}}},"fnMap":{},"branchMap":{},"s":{"0":7,"1":7,"2":7,"3":7,"4":7,"5":7,"6":7,"7":7,"8":7,"9":7,"10":7,"11":7,"12":7,"13":7},"f":{},"b":{},"_coverageSchema":"43e27e138ebf9cfc5966b082cf9a028302ed4184","hash":"52156f2900d15087f74516fadc82ea1bbbfec2f6"}
,"/Users/mason/Desktop/jr/jr-cms-prd/server/src/server.js": {"path":"/Users/mason/Desktop/jr/jr-cms-prd/server/src/server.js","statementMap":{"0":{"start":{"line":1,"column":16},"end":{"line":1,"column":34}},"1":{"start":{"line":2,"column":0},"end":{"line":2,"column":29}},"2":{"start":{"line":3,"column":0},"end":{"line":3,"column":32}},"3":{"start":{"line":4,"column":15},"end":{"line":4,"column":32}},"4":{"start":{"line":5,"column":15},"end":{"line":5,"column":32}},"5":{"start":{"line":6,"column":13},"end":{"line":6,"column":28}},"6":{"start":{"line":7,"column":18},"end":{"line":7,"column":47}},"7":{"start":{"line":8,"column":13},"end":{"line":8,"column":30}},"8":{"start":{"line":10,"column":20},"end":{"line":10,"column":55}},"9":{"start":{"line":11,"column":15},"end":{"line":11,"column":34}},"10":{"start":{"line":12,"column":24},"end":{"line":12,"column":45}},"11":{"start":{"line":13,"column":21},"end":{"line":13,"column":58}},"12":{"start":{"line":14,"column":15},"end":{"line":14,"column":40}},"13":{"start":{"line":16,"column":0},"end":{"line":19,"column":3}},"14":{"start":{"line":17,"column":2},"end":{"line":17,"column":26}},"15":{"start":{"line":18,"column":2},"end":{"line":18,"column":42}},"16":{"start":{"line":18,"column":19},"end":{"line":18,"column":34}},"17":{"start":{"line":21,"column":0},"end":{"line":24,"column":3}},"18":{"start":{"line":22,"column":2},"end":{"line":22,"column":26}},"19":{"start":{"line":23,"column":2},"end":{"line":23,"column":42}},"20":{"start":{"line":23,"column":19},"end":{"line":23,"column":34}},"21":{"start":{"line":26,"column":12},"end":{"line":26,"column":21}},"22":{"start":{"line":27,"column":13},"end":{"line":27,"column":37}},"23":{"start":{"line":28,"column":18},"end":{"line":28,"column":73}},"24":{"start":{"line":29,"column":18},"end":{"line":29,"column":62}},"25":{"start":{"line":31,"column":0},"end":{"line":31,"column":68}},"26":{"start":{"line":32,"column":0},"end":{"line":32,"column":18}},"27":{"start":{"line":33,"column":0},"end":{"line":33,"column":16}},"28":{"start":{"line":34,"column":0},"end":{"line":34,"column":19}},"29":{"start":{"line":35,"column":0},"end":{"line":35,"column":24}},"30":{"start":{"line":36,"column":0},"end":{"line":36,"column":23}},"31":{"start":{"line":37,"column":0},"end":{"line":37,"column":22}},"32":{"start":{"line":39,"column":0},"end":{"line":51,"column":5}},"33":{"start":{"line":41,"column":4},"end":{"line":41,"column":32}},"34":{"start":{"line":42,"column":4},"end":{"line":46,"column":5}},"35":{"start":{"line":43,"column":6},"end":{"line":45,"column":9}},"36":{"start":{"line":44,"column":8},"end":{"line":44,"column":60}},"37":{"start":{"line":49,"column":4},"end":{"line":49,"column":41}},"38":{"start":{"line":50,"column":4},"end":{"line":50,"column":23}},"39":{"start":{"line":53,"column":0},"end":{"line":53,"column":21}}},"fnMap":{"0":{"name":"(anonymous_0)","decl":{"start":{"line":16,"column":32},"end":{"line":16,"column":33}},"loc":{"start":{"line":16,"column":37},"end":{"line":19,"column":1}},"line":16},"1":{"name":"(anonymous_1)","decl":{"start":{"line":18,"column":13},"end":{"line":18,"column":14}},"loc":{"start":{"line":18,"column":19},"end":{"line":18,"column":34}},"line":18},"2":{"name":"(anonymous_2)","decl":{"start":{"line":21,"column":33},"end":{"line":21,"column":34}},"loc":{"start":{"line":21,"column":38},"end":{"line":24,"column":1}},"line":21},"3":{"name":"(anonymous_3)","decl":{"start":{"line":23,"column":13},"end":{"line":23,"column":14}},"loc":{"start":{"line":23,"column":19},"end":{"line":23,"column":34}},"line":23},"4":{"name":"(anonymous_4)","decl":{"start":{"line":40,"column":8},"end":{"line":40,"column":9}},"loc":{"start":{"line":40,"column":14},"end":{"line":47,"column":3}},"line":40},"5":{"name":"(anonymous_5)","decl":{"start":{"line":43,"column":23},"end":{"line":43,"column":24}},"loc":{"start":{"line":43,"column":29},"end":{"line":45,"column":7}},"line":43},"6":{"name":"(anonymous_6)","decl":{"start":{"line":48,"column":9},"end":{"line":48,"column":10}},"loc":{"start":{"line":48,"column":14},"end":{"line":51,"column":3}},"line":48}},"branchMap":{"0":{"loc":{"start":{"line":27,"column":13},"end":{"line":27,"column":37}},"type":"binary-expr","locations":[{"start":{"line":27,"column":13},"end":{"line":27,"column":29}},{"start":{"line":27,"column":33},"end":{"line":27,"column":37}}],"line":27},"1":{"loc":{"start":{"line":28,"column":18},"end":{"line":28,"column":73}},"type":"cond-expr","locations":[{"start":{"line":28,"column":58},"end":{"line":28,"column":65}},{"start":{"line":28,"column":68},"end":{"line":28,"column":73}}],"line":28},"2":{"loc":{"start":{"line":42,"column":4},"end":{"line":46,"column":5}},"type":"if","locations":[{"start":{"line":42,"column":4},"end":{"line":46,"column":5}},{"start":{"line":42,"column":4},"end":{"line":46,"column":5}}],"line":42}},"s":{"0":7,"1":7,"2":7,"3":7,"4":7,"5":7,"6":7,"7":7,"8":7,"9":7,"10":7,"11":7,"12":7,"13":7,"14":0,"15":0,"16":0,"17":7,"18":0,"19":0,"20":0,"21":7,"22":7,"23":7,"24":7,"25":7,"26":7,"27":7,"28":7,"29":7,"30":7,"31":7,"32":7,"33":6,"34":6,"35":0,"36":0,"37":0,"38":0,"39":7},"f":{"0":0,"1":0,"2":0,"3":0,"4":6,"5":0,"6":0},"b":{"0":[7,0],"1":[0,7],"2":[0,6]},"_coverageSchema":"43e27e138ebf9cfc5966b082cf9a028302ed4184","hash":"e3dfa54b085d23fe6200c0847b7fb20d45c7ba23"}
,"/Users/mason/Desktop/jr/jr-cms-prd/server/src/controllers/auth.js": {"path":"/Users/mason/Desktop/jr/jr-cms-prd/server/src/controllers/auth.js","statementMap":{"0":{"start":{"line":1,"column":20},"end":{"line":1,"column":47}},"1":{"start":{"line":2,"column":27},"end":{"line":2,"column":53}},"2":{"start":{"line":3,"column":26},"end":{"line":3,"column":49}},"3":{"start":{"line":5,"column":0},"end":{"line":14,"column":2}},"4":{"start":{"line":7,"column":32},"end":{"line":7,"column":40}},"5":{"start":{"line":8,"column":17},"end":{"line":8,"column":64}},"6":{"start":{"line":9,"column":4},"end":{"line":9,"column":77}},"7":{"start":{"line":9,"column":15},"end":{"line":9,"column":77}},"8":{"start":{"line":11,"column":18},"end":{"line":11,"column":41}},"9":{"start":{"line":12,"column":4},"end":{"line":12,"column":59}}},"fnMap":{"0":{"name":"(anonymous_0)","decl":{"start":{"line":6,"column":9},"end":{"line":6,"column":10}},"loc":{"start":{"line":6,"column":29},"end":{"line":13,"column":3}},"line":6}},"branchMap":{"0":{"loc":{"start":{"line":9,"column":4},"end":{"line":9,"column":77}},"type":"if","locations":[{"start":{"line":9,"column":4},"end":{"line":9,"column":77}},{"start":{"line":9,"column":4},"end":{"line":9,"column":77}}],"line":9}},"s":{"0":7,"1":7,"2":7,"3":7,"4":2,"5":2,"6":2,"7":1,"8":1,"9":1},"f":{"0":2},"b":{"0":[1,1]},"_coverageSchema":"43e27e138ebf9cfc5966b082cf9a028302ed4184","hash":"c33abea890653ceca7dcf043517afe844f184e10"}
,"/Users/mason/Desktop/jr/jr-cms-prd/server/src/controllers/course.js": {"path":"/Users/mason/Desktop/jr/jr-cms-prd/server/src/controllers/course.js","statementMap":{"0":{"start":{"line":1,"column":22},"end":{"line":1,"column":51}},"1":{"start":{"line":2,"column":23},"end":{"line":2,"column":53}},"2":{"start":{"line":3,"column":23},"end":{"line":3,"column":53}},"3":{"start":{"line":10,"column":4},"end":{"line":10,"column":30}},"4":{"start":{"line":11,"column":24},"end":{"line":11,"column":50}},"5":{"start":{"line":14,"column":16},"end":{"line":14,"column":46}},"6":{"start":{"line":15,"column":39},"end":{"line":15,"column":69}},"7":{"start":{"line":17,"column":18},"end":{"line":17,"column":70}},"8":{"start":{"line":19,"column":2},"end":{"line":19,"column":60}},"9":{"start":{"line":23,"column":19},"end":{"line":23,"column":29}},"10":{"start":{"line":24,"column":17},"end":{"line":27,"column":4}},"11":{"start":{"line":28,"column":2},"end":{"line":30,"column":3}},"12":{"start":{"line":29,"column":4},"end":{"line":29,"column":56}},"13":{"start":{"line":32,"column":2},"end":{"line":32,"column":37}},"14":{"start":{"line":36,"column":38},"end":{"line":36,"column":46}},"15":{"start":{"line":41,"column":17},"end":{"line":45,"column":4}},"16":{"start":{"line":46,"column":2},"end":{"line":46,"column":42}},"17":{"start":{"line":50,"column":19},"end":{"line":50,"column":29}},"18":{"start":{"line":51,"column":15},"end":{"line":51,"column":38}},"19":{"start":{"line":52,"column":17},"end":{"line":55,"column":3}},"20":{"start":{"line":56,"column":2},"end":{"line":58,"column":3}},"21":{"start":{"line":57,"column":4},"end":{"line":57,"column":56}},"22":{"start":{"line":60,"column":2},"end":{"line":60,"column":37}},"23":{"start":{"line":64,"column":19},"end":{"line":64,"column":29}},"24":{"start":{"line":65,"column":2},"end":{"line":67,"column":3}},"25":{"start":{"line":66,"column":4},"end":{"line":66,"column":53}},"26":{"start":{"line":68,"column":17},"end":{"line":70,"column":4}},"27":{"start":{"line":71,"column":2},"end":{"line":74,"column":3}},"28":{"start":{"line":72,"column":4},"end":{"line":72,"column":36}},"29":{"start":{"line":73,"column":4},"end":{"line":73,"column":56}},"30":{"start":{"line":76,"column":2},"end":{"line":76,"column":37}},"31":{"start":{"line":80,"column":19},"end":{"line":80,"column":29}},"32":{"start":{"line":81,"column":17},"end":{"line":81,"column":52}},"33":{"start":{"line":82,"column":2},"end":{"line":84,"column":3}},"34":{"start":{"line":83,"column":4},"end":{"line":83,"column":56}},"35":{"start":{"line":87,"column":2},"end":{"line":87,"column":52}},"36":{"start":{"line":88,"column":2},"end":{"line":88,"column":52}},"37":{"start":{"line":90,"column":2},"end":{"line":92,"column":3}},"38":{"start":{"line":91,"column":4},"end":{"line":91,"column":69}},"39":{"start":{"line":94,"column":2},"end":{"line":94,"column":37}},"40":{"start":{"line":97,"column":0},"end":{"line":104,"column":2}}},"fnMap":{"0":{"name":"getAllCourses","decl":{"start":{"line":13,"column":15},"end":{"line":13,"column":28}},"loc":{"start":{"line":13,"column":39},"end":{"line":20,"column":1}},"line":13},"1":{"name":"getCourse","decl":{"start":{"line":22,"column":15},"end":{"line":22,"column":24}},"loc":{"start":{"line":22,"column":35},"end":{"line":33,"column":1}},"line":22},"2":{"name":"addCourse","decl":{"start":{"line":35,"column":15},"end":{"line":35,"column":24}},"loc":{"start":{"line":35,"column":35},"end":{"line":47,"column":1}},"line":35},"3":{"name":"updateCourse","decl":{"start":{"line":49,"column":15},"end":{"line":49,"column":27}},"loc":{"start":{"line":49,"column":38},"end":{"line":61,"column":1}},"line":49},"4":{"name":"updateImage","decl":{"start":{"line":63,"column":15},"end":{"line":63,"column":26}},"loc":{"start":{"line":63,"column":37},"end":{"line":77,"column":1}},"line":63},"5":{"name":"deleteCourse","decl":{"start":{"line":79,"column":15},"end":{"line":79,"column":27}},"loc":{"start":{"line":79,"column":38},"end":{"line":95,"column":1}},"line":79}},"branchMap":{"0":{"loc":{"start":{"line":28,"column":2},"end":{"line":30,"column":3}},"type":"if","locations":[{"start":{"line":28,"column":2},"end":{"line":30,"column":3}},{"start":{"line":28,"column":2},"end":{"line":30,"column":3}}],"line":28},"1":{"loc":{"start":{"line":56,"column":2},"end":{"line":58,"column":3}},"type":"if","locations":[{"start":{"line":56,"column":2},"end":{"line":58,"column":3}},{"start":{"line":56,"column":2},"end":{"line":58,"column":3}}],"line":56},"2":{"loc":{"start":{"line":65,"column":2},"end":{"line":67,"column":3}},"type":"if","locations":[{"start":{"line":65,"column":2},"end":{"line":67,"column":3}},{"start":{"line":65,"column":2},"end":{"line":67,"column":3}}],"line":65},"3":{"loc":{"start":{"line":71,"column":2},"end":{"line":74,"column":3}},"type":"if","locations":[{"start":{"line":71,"column":2},"end":{"line":74,"column":3}},{"start":{"line":71,"column":2},"end":{"line":74,"column":3}}],"line":71},"4":{"loc":{"start":{"line":82,"column":2},"end":{"line":84,"column":3}},"type":"if","locations":[{"start":{"line":82,"column":2},"end":{"line":84,"column":3}},{"start":{"line":82,"column":2},"end":{"line":84,"column":3}}],"line":82},"5":{"loc":{"start":{"line":90,"column":2},"end":{"line":92,"column":3}},"type":"if","locations":[{"start":{"line":90,"column":2},"end":{"line":92,"column":3}},{"start":{"line":90,"column":2},"end":{"line":92,"column":3}}],"line":90}},"s":{"0":7,"1":7,"2":7,"3":7,"4":7,"5":5,"6":5,"7":5,"8":5,"9":2,"10":2,"11":2,"12":1,"13":1,"14":3,"15":3,"16":1,"17":3,"18":3,"19":3,"20":2,"21":1,"22":1,"23":4,"24":4,"25":2,"26":2,"27":2,"28":1,"29":1,"30":1,"31":2,"32":2,"33":2,"34":1,"35":1,"36":1,"37":1,"38":0,"39":1,"40":7},"f":{"0":5,"1":2,"2":3,"3":3,"4":4,"5":2},"b":{"0":[1,1],"1":[1,1],"2":[2,2],"3":[1,1],"4":[1,1],"5":[0,1]},"_coverageSchema":"43e27e138ebf9cfc5966b082cf9a028302ed4184","hash":"f0c47ee1adbff0af93b98aa33e893e8bcf36e27e"}
,"/Users/mason/Desktop/jr/jr-cms-prd/server/src/controllers/student.js": {"path":"/Users/mason/Desktop/jr/jr-cms-prd/server/src/controllers/student.js","statementMap":{"0":{"start":{"line":1,"column":22},"end":{"line":1,"column":51}},"1":{"start":{"line":2,"column":23},"end":{"line":2,"column":53}},"2":{"start":{"line":9,"column":4},"end":{"line":9,"column":30}},"3":{"start":{"line":10,"column":24},"end":{"line":10,"column":50}},"4":{"start":{"line":13,"column":16},"end":{"line":13,"column":47}},"5":{"start":{"line":14,"column":39},"end":{"line":14,"column":69}},"6":{"start":{"line":16,"column":19},"end":{"line":16,"column":72}},"7":{"start":{"line":18,"column":2},"end":{"line":18,"column":61}},"8":{"start":{"line":22,"column":17},"end":{"line":22,"column":27}},"9":{"start":{"line":24,"column":18},"end":{"line":26,"column":4}},"10":{"start":{"line":28,"column":2},"end":{"line":30,"column":3}},"11":{"start":{"line":29,"column":4},"end":{"line":29,"column":57}},"12":{"start":{"line":31,"column":2},"end":{"line":31,"column":38}},"13":{"start":{"line":35,"column":41},"end":{"line":35,"column":49}},"14":{"start":{"line":36,"column":18},"end":{"line":40,"column":4}},"15":{"start":{"line":41,"column":2},"end":{"line":41,"column":43}},"16":{"start":{"line":45,"column":23},"end":{"line":45,"column":33}},"17":{"start":{"line":46,"column":17},"end":{"line":46,"column":49}},"18":{"start":{"line":47,"column":2},"end":{"line":49,"column":3}},"19":{"start":{"line":48,"column":4},"end":{"line":48,"column":56}},"20":{"start":{"line":50,"column":18},"end":{"line":50,"column":58}},"21":{"start":{"line":51,"column":2},"end":{"line":53,"column":3}},"22":{"start":{"line":52,"column":4},"end":{"line":52,"column":57}},"23":{"start":{"line":54,"column":2},"end":{"line":54,"column":43}},"24":{"start":{"line":58,"column":23},"end":{"line":58,"column":33}},"25":{"start":{"line":59,"column":17},"end":{"line":59,"column":49}},"26":{"start":{"line":60,"column":2},"end":{"line":62,"column":3}},"27":{"start":{"line":61,"column":4},"end":{"line":61,"column":56}},"28":{"start":{"line":63,"column":18},"end":{"line":63,"column":61}},"29":{"start":{"line":64,"column":2},"end":{"line":66,"column":3}},"30":{"start":{"line":65,"column":4},"end":{"line":65,"column":57}},"31":{"start":{"line":67,"column":2},"end":{"line":67,"column":70}},"32":{"start":{"line":68,"column":2},"end":{"line":68,"column":38}},"33":{"start":{"line":72,"column":17},"end":{"line":72,"column":27}},"34":{"start":{"line":73,"column":15},"end":{"line":73,"column":49}},"35":{"start":{"line":74,"column":18},"end":{"line":77,"column":3}},"36":{"start":{"line":78,"column":2},"end":{"line":80,"column":3}},"37":{"start":{"line":79,"column":4},"end":{"line":79,"column":57}},"38":{"start":{"line":81,"column":2},"end":{"line":81,"column":38}},"39":{"start":{"line":85,"column":17},"end":{"line":85,"column":27}},"40":{"start":{"line":86,"column":2},"end":{"line":88,"column":3}},"41":{"start":{"line":87,"column":4},"end":{"line":87,"column":53}},"42":{"start":{"line":89,"column":18},"end":{"line":91,"column":4}},"43":{"start":{"line":92,"column":2},"end":{"line":95,"column":3}},"44":{"start":{"line":93,"column":4},"end":{"line":93,"column":36}},"45":{"start":{"line":94,"column":4},"end":{"line":94,"column":57}},"46":{"start":{"line":97,"column":2},"end":{"line":97,"column":38}},"47":{"start":{"line":101,"column":17},"end":{"line":101,"column":27}},"48":{"start":{"line":102,"column":18},"end":{"line":102,"column":52}},"49":{"start":{"line":103,"column":2},"end":{"line":105,"column":3}},"50":{"start":{"line":104,"column":4},"end":{"line":104,"column":57}},"51":{"start":{"line":108,"column":2},"end":{"line":108,"column":53}},"52":{"start":{"line":110,"column":2},"end":{"line":112,"column":3}},"53":{"start":{"line":111,"column":4},"end":{"line":111,"column":71}},"54":{"start":{"line":114,"column":2},"end":{"line":114,"column":38}},"55":{"start":{"line":117,"column":0},"end":{"line":126,"column":2}}},"fnMap":{"0":{"name":"getAllStudents","decl":{"start":{"line":12,"column":15},"end":{"line":12,"column":29}},"loc":{"start":{"line":12,"column":40},"end":{"line":19,"column":1}},"line":12},"1":{"name":"getStudent","decl":{"start":{"line":21,"column":15},"end":{"line":21,"column":25}},"loc":{"start":{"line":21,"column":36},"end":{"line":32,"column":1}},"line":21},"2":{"name":"addStudent","decl":{"start":{"line":34,"column":15},"end":{"line":34,"column":25}},"loc":{"start":{"line":34,"column":36},"end":{"line":42,"column":1}},"line":34},"3":{"name":"addCourse","decl":{"start":{"line":44,"column":15},"end":{"line":44,"column":24}},"loc":{"start":{"line":44,"column":35},"end":{"line":55,"column":1}},"line":44},"4":{"name":"deleteCourse","decl":{"start":{"line":57,"column":15},"end":{"line":57,"column":27}},"loc":{"start":{"line":57,"column":38},"end":{"line":69,"column":1}},"line":57},"5":{"name":"updateStudent","decl":{"start":{"line":71,"column":15},"end":{"line":71,"column":28}},"loc":{"start":{"line":71,"column":39},"end":{"line":82,"column":1}},"line":71},"6":{"name":"updateAvatar","decl":{"start":{"line":84,"column":15},"end":{"line":84,"column":27}},"loc":{"start":{"line":84,"column":38},"end":{"line":98,"column":1}},"line":84},"7":{"name":"deleteStudent","decl":{"start":{"line":100,"column":15},"end":{"line":100,"column":28}},"loc":{"start":{"line":100,"column":39},"end":{"line":115,"column":1}},"line":100}},"branchMap":{"0":{"loc":{"start":{"line":28,"column":2},"end":{"line":30,"column":3}},"type":"if","locations":[{"start":{"line":28,"column":2},"end":{"line":30,"column":3}},{"start":{"line":28,"column":2},"end":{"line":30,"column":3}}],"line":28},"1":{"loc":{"start":{"line":47,"column":2},"end":{"line":49,"column":3}},"type":"if","locations":[{"start":{"line":47,"column":2},"end":{"line":49,"column":3}},{"start":{"line":47,"column":2},"end":{"line":49,"column":3}}],"line":47},"2":{"loc":{"start":{"line":51,"column":2},"end":{"line":53,"column":3}},"type":"if","locations":[{"start":{"line":51,"column":2},"end":{"line":53,"column":3}},{"start":{"line":51,"column":2},"end":{"line":53,"column":3}}],"line":51},"3":{"loc":{"start":{"line":60,"column":2},"end":{"line":62,"column":3}},"type":"if","locations":[{"start":{"line":60,"column":2},"end":{"line":62,"column":3}},{"start":{"line":60,"column":2},"end":{"line":62,"column":3}}],"line":60},"4":{"loc":{"start":{"line":64,"column":2},"end":{"line":66,"column":3}},"type":"if","locations":[{"start":{"line":64,"column":2},"end":{"line":66,"column":3}},{"start":{"line":64,"column":2},"end":{"line":66,"column":3}}],"line":64},"5":{"loc":{"start":{"line":78,"column":2},"end":{"line":80,"column":3}},"type":"if","locations":[{"start":{"line":78,"column":2},"end":{"line":80,"column":3}},{"start":{"line":78,"column":2},"end":{"line":80,"column":3}}],"line":78},"6":{"loc":{"start":{"line":86,"column":2},"end":{"line":88,"column":3}},"type":"if","locations":[{"start":{"line":86,"column":2},"end":{"line":88,"column":3}},{"start":{"line":86,"column":2},"end":{"line":88,"column":3}}],"line":86},"7":{"loc":{"start":{"line":92,"column":2},"end":{"line":95,"column":3}},"type":"if","locations":[{"start":{"line":92,"column":2},"end":{"line":95,"column":3}},{"start":{"line":92,"column":2},"end":{"line":95,"column":3}}],"line":92},"8":{"loc":{"start":{"line":103,"column":2},"end":{"line":105,"column":3}},"type":"if","locations":[{"start":{"line":103,"column":2},"end":{"line":105,"column":3}},{"start":{"line":103,"column":2},"end":{"line":105,"column":3}}],"line":103},"9":{"loc":{"start":{"line":110,"column":2},"end":{"line":112,"column":3}},"type":"if","locations":[{"start":{"line":110,"column":2},"end":{"line":112,"column":3}},{"start":{"line":110,"column":2},"end":{"line":112,"column":3}}],"line":110}},"s":{"0":7,"1":7,"2":7,"3":7,"4":7,"5":7,"6":7,"7":7,"8":2,"9":2,"10":2,"11":1,"12":1,"13":4,"14":4,"15":1,"16":3,"17":3,"18":3,"19":1,"20":2,"21":2,"22":1,"23":1,"24":3,"25":3,"26":3,"27":1,"28":2,"29":2,"30":1,"31":1,"32":1,"33":3,"34":3,"35":3,"36":2,"37":1,"38":1,"39":4,"40":4,"41":2,"42":2,"43":2,"44":1,"45":1,"46":1,"47":2,"48":2,"49":2,"50":1,"51":1,"52":1,"53":0,"54":1,"55":7},"f":{"0":7,"1":2,"2":4,"3":3,"4":3,"5":3,"6":4,"7":2},"b":{"0":[1,1],"1":[1,2],"2":[1,1],"3":[1,2],"4":[1,1],"5":[1,1],"6":[2,2],"7":[1,1],"8":[1,1],"9":[0,1]},"_coverageSchema":"43e27e138ebf9cfc5966b082cf9a028302ed4184","hash":"cfb512e204540fd023908b01b83040cbbb6e3112"}
,"/Users/mason/Desktop/jr/jr-cms-prd/server/src/controllers/teacher.js": {"path":"/Users/mason/Desktop/jr/jr-cms-prd/server/src/controllers/teacher.js","statementMap":{"0":{"start":{"line":1,"column":22},"end":{"line":1,"column":51}},"1":{"start":{"line":2,"column":23},"end":{"line":2,"column":53}},"2":{"start":{"line":8,"column":4},"end":{"line":8,"column":30}},"3":{"start":{"line":9,"column":24},"end":{"line":9,"column":50}},"4":{"start":{"line":12,"column":16},"end":{"line":12,"column":47}},"5":{"start":{"line":13,"column":39},"end":{"line":13,"column":69}},"6":{"start":{"line":15,"column":19},"end":{"line":15,"column":72}},"7":{"start":{"line":17,"column":2},"end":{"line":17,"column":61}},"8":{"start":{"line":21,"column":17},"end":{"line":21,"column":27}},"9":{"start":{"line":23,"column":18},"end":{"line":25,"column":4}},"10":{"start":{"line":27,"column":2},"end":{"line":29,"column":3}},"11":{"start":{"line":28,"column":4},"end":{"line":28,"column":57}},"12":{"start":{"line":30,"column":2},"end":{"line":30,"column":38}},"13":{"start":{"line":34,"column":41},"end":{"line":34,"column":49}},"14":{"start":{"line":35,"column":18},"end":{"line":39,"column":4}},"15":{"start":{"line":40,"column":2},"end":{"line":40,"column":43}},"16":{"start":{"line":44,"column":23},"end":{"line":44,"column":33}},"17":{"start":{"line":45,"column":17},"end":{"line":45,"column":49}},"18":{"start":{"line":46,"column":2},"end":{"line":48,"column":3}},"19":{"start":{"line":47,"column":4},"end":{"line":47,"column":56}},"20":{"start":{"line":49,"column":18},"end":{"line":49,"column":58}},"21":{"start":{"line":50,"column":2},"end":{"line":52,"column":3}},"22":{"start":{"line":51,"column":4},"end":{"line":51,"column":57}},"23":{"start":{"line":53,"column":2},"end":{"line":53,"column":43}},"24":{"start":{"line":57,"column":23},"end":{"line":57,"column":33}},"25":{"start":{"line":58,"column":17},"end":{"line":58,"column":49}},"26":{"start":{"line":59,"column":2},"end":{"line":61,"column":3}},"27":{"start":{"line":60,"column":4},"end":{"line":60,"column":56}},"28":{"start":{"line":62,"column":18},"end":{"line":62,"column":61}},"29":{"start":{"line":63,"column":2},"end":{"line":65,"column":3}},"30":{"start":{"line":64,"column":4},"end":{"line":64,"column":57}},"31":{"start":{"line":66,"column":2},"end":{"line":66,"column":70}},"32":{"start":{"line":67,"column":2},"end":{"line":67,"column":38}},"33":{"start":{"line":71,"column":17},"end":{"line":71,"column":27}},"34":{"start":{"line":72,"column":15},"end":{"line":72,"column":49}},"35":{"start":{"line":73,"column":18},"end":{"line":76,"column":3}},"36":{"start":{"line":77,"column":2},"end":{"line":79,"column":3}},"37":{"start":{"line":78,"column":4},"end":{"line":78,"column":57}},"38":{"start":{"line":80,"column":2},"end":{"line":80,"column":38}},"39":{"start":{"line":84,"column":17},"end":{"line":84,"column":27}},"40":{"start":{"line":85,"column":2},"end":{"line":87,"column":3}},"41":{"start":{"line":86,"column":4},"end":{"line":86,"column":53}},"42":{"start":{"line":88,"column":18},"end":{"line":90,"column":4}},"43":{"start":{"line":91,"column":2},"end":{"line":94,"column":3}},"44":{"start":{"line":92,"column":4},"end":{"line":92,"column":36}},"45":{"start":{"line":93,"column":4},"end":{"line":93,"column":57}},"46":{"start":{"line":96,"column":2},"end":{"line":96,"column":38}},"47":{"start":{"line":100,"column":17},"end":{"line":100,"column":27}},"48":{"start":{"line":101,"column":18},"end":{"line":101,"column":52}},"49":{"start":{"line":102,"column":2},"end":{"line":104,"column":3}},"50":{"start":{"line":103,"column":4},"end":{"line":103,"column":57}},"51":{"start":{"line":107,"column":2},"end":{"line":107,"column":53}},"52":{"start":{"line":109,"column":2},"end":{"line":111,"column":3}},"53":{"start":{"line":110,"column":4},"end":{"line":110,"column":71}},"54":{"start":{"line":113,"column":2},"end":{"line":113,"column":38}},"55":{"start":{"line":116,"column":0},"end":{"line":125,"column":2}}},"fnMap":{"0":{"name":"getAllTeachers","decl":{"start":{"line":11,"column":15},"end":{"line":11,"column":29}},"loc":{"start":{"line":11,"column":40},"end":{"line":18,"column":1}},"line":11},"1":{"name":"getTeacher","decl":{"start":{"line":20,"column":15},"end":{"line":20,"column":25}},"loc":{"start":{"line":20,"column":36},"end":{"line":31,"column":1}},"line":20},"2":{"name":"addTeacher","decl":{"start":{"line":33,"column":15},"end":{"line":33,"column":25}},"loc":{"start":{"line":33,"column":36},"end":{"line":41,"column":1}},"line":33},"3":{"name":"addCourse","decl":{"start":{"line":43,"column":15},"end":{"line":43,"column":24}},"loc":{"start":{"line":43,"column":35},"end":{"line":54,"column":1}},"line":43},"4":{"name":"deleteCourse","decl":{"start":{"line":56,"column":15},"end":{"line":56,"column":27}},"loc":{"start":{"line":56,"column":38},"end":{"line":68,"column":1}},"line":56},"5":{"name":"updateTeacher","decl":{"start":{"line":70,"column":15},"end":{"line":70,"column":28}},"loc":{"start":{"line":70,"column":39},"end":{"line":81,"column":1}},"line":70},"6":{"name":"updateAvatar","decl":{"start":{"line":83,"column":15},"end":{"line":83,"column":27}},"loc":{"start":{"line":83,"column":38},"end":{"line":97,"column":1}},"line":83},"7":{"name":"deleteTeacher","decl":{"start":{"line":99,"column":15},"end":{"line":99,"column":28}},"loc":{"start":{"line":99,"column":39},"end":{"line":114,"column":1}},"line":99}},"branchMap":{"0":{"loc":{"start":{"line":27,"column":2},"end":{"line":29,"column":3}},"type":"if","locations":[{"start":{"line":27,"column":2},"end":{"line":29,"column":3}},{"start":{"line":27,"column":2},"end":{"line":29,"column":3}}],"line":27},"1":{"loc":{"start":{"line":46,"column":2},"end":{"line":48,"column":3}},"type":"if","locations":[{"start":{"line":46,"column":2},"end":{"line":48,"column":3}},{"start":{"line":46,"column":2},"end":{"line":48,"column":3}}],"line":46},"2":{"loc":{"start":{"line":50,"column":2},"end":{"line":52,"column":3}},"type":"if","locations":[{"start":{"line":50,"column":2},"end":{"line":52,"column":3}},{"start":{"line":50,"column":2},"end":{"line":52,"column":3}}],"line":50},"3":{"loc":{"start":{"line":59,"column":2},"end":{"line":61,"column":3}},"type":"if","locations":[{"start":{"line":59,"column":2},"end":{"line":61,"column":3}},{"start":{"line":59,"column":2},"end":{"line":61,"column":3}}],"line":59},"4":{"loc":{"start":{"line":63,"column":2},"end":{"line":65,"column":3}},"type":"if","locations":[{"start":{"line":63,"column":2},"end":{"line":65,"column":3}},{"start":{"line":63,"column":2},"end":{"line":65,"column":3}}],"line":63},"5":{"loc":{"start":{"line":77,"column":2},"end":{"line":79,"column":3}},"type":"if","locations":[{"start":{"line":77,"column":2},"end":{"line":79,"column":3}},{"start":{"line":77,"column":2},"end":{"line":79,"column":3}}],"line":77},"6":{"loc":{"start":{"line":85,"column":2},"end":{"line":87,"column":3}},"type":"if","locations":[{"start":{"line":85,"column":2},"end":{"line":87,"column":3}},{"start":{"line":85,"column":2},"end":{"line":87,"column":3}}],"line":85},"7":{"loc":{"start":{"line":91,"column":2},"end":{"line":94,"column":3}},"type":"if","locations":[{"start":{"line":91,"column":2},"end":{"line":94,"column":3}},{"start":{"line":91,"column":2},"end":{"line":94,"column":3}}],"line":91},"8":{"loc":{"start":{"line":102,"column":2},"end":{"line":104,"column":3}},"type":"if","locations":[{"start":{"line":102,"column":2},"end":{"line":104,"column":3}},{"start":{"line":102,"column":2},"end":{"line":104,"column":3}}],"line":102},"9":{"loc":{"start":{"line":109,"column":2},"end":{"line":111,"column":3}},"type":"if","locations":[{"start":{"line":109,"column":2},"end":{"line":111,"column":3}},{"start":{"line":109,"column":2},"end":{"line":111,"column":3}}],"line":109}},"s":{"0":7,"1":7,"2":7,"3":7,"4":6,"5":6,"6":6,"7":6,"8":2,"9":2,"10":2,"11":1,"12":1,"13":4,"14":4,"15":1,"16":3,"17":3,"18":3,"19":1,"20":2,"21":2,"22":1,"23":1,"24":3,"25":3,"26":3,"27":1,"28":2,"29":2,"30":1,"31":1,"32":1,"33":3,"34":3,"35":3,"36":2,"37":1,"38":1,"39":4,"40":4,"41":2,"42":2,"43":2,"44":1,"45":1,"46":1,"47":2,"48":2,"49":2,"50":1,"51":1,"52":1,"53":0,"54":1,"55":7},"f":{"0":6,"1":2,"2":4,"3":3,"4":3,"5":3,"6":4,"7":2},"b":{"0":[1,1],"1":[1,2],"2":[1,1],"3":[1,2],"4":[1,1],"5":[1,1],"6":[2,2],"7":[1,1],"8":[1,1],"9":[0,1]},"_coverageSchema":"43e27e138ebf9cfc5966b082cf9a028302ed4184","hash":"15edc265ae2be0a9f3224d3fb83c2bf3badeb39d"}
,"/Users/mason/Desktop/jr/jr-cms-prd/server/src/controllers/user.js": {"path":"/Users/mason/Desktop/jr/jr-cms-prd/server/src/controllers/user.js","statementMap":{"0":{"start":{"line":1,"column":20},"end":{"line":1,"column":47}},"1":{"start":{"line":2,"column":27},"end":{"line":2,"column":53}},"2":{"start":{"line":3,"column":26},"end":{"line":3,"column":49}},"3":{"start":{"line":5,"column":0},"end":{"line":21,"column":2}},"4":{"start":{"line":7,"column":17},"end":{"line":7,"column":54}},"5":{"start":{"line":8,"column":4},"end":{"line":8,"column":37}},"6":{"start":{"line":11,"column":38},"end":{"line":11,"column":46}},"7":{"start":{"line":13,"column":25},"end":{"line":13,"column":67}},"8":{"start":{"line":14,"column":4},"end":{"line":16,"column":5}},"9":{"start":{"line":15,"column":6},"end":{"line":15,"column":62}},"10":{"start":{"line":17,"column":17},"end":{"line":17,"column":71}},"11":{"start":{"line":18,"column":18},"end":{"line":18,"column":41}},"12":{"start":{"line":19,"column":4},"end":{"line":19,"column":60}}},"fnMap":{"0":{"name":"(anonymous_0)","decl":{"start":{"line":6,"column":2},"end":{"line":6,"column":3}},"loc":{"start":{"line":6,"column":26},"end":{"line":9,"column":3}},"line":6},"1":{"name":"(anonymous_1)","decl":{"start":{"line":10,"column":2},"end":{"line":10,"column":3}},"loc":{"start":{"line":10,"column":26},"end":{"line":20,"column":3}},"line":10}},"branchMap":{"0":{"loc":{"start":{"line":14,"column":4},"end":{"line":16,"column":5}},"type":"if","locations":[{"start":{"line":14,"column":4},"end":{"line":16,"column":5}},{"start":{"line":14,"column":4},"end":{"line":16,"column":5}}],"line":14}},"s":{"0":7,"1":7,"2":7,"3":7,"4":2,"5":2,"6":3,"7":3,"8":3,"9":1,"10":2,"11":1,"12":1},"f":{"0":2,"1":3},"b":{"0":[1,2]},"_coverageSchema":"43e27e138ebf9cfc5966b082cf9a028302ed4184","hash":"2ca7c0f03e085c95ade2918d253691538464e81a"}
,"/Users/mason/Desktop/jr/jr-cms-prd/server/src/middlewares/authGuard.js": {"path":"/Users/mason/Desktop/jr/jr-cms-prd/server/src/middlewares/authGuard.js","statementMap":{"0":{"start":{"line":1,"column":27},"end":{"line":1,"column":53}},"1":{"start":{"line":2,"column":26},"end":{"line":2,"column":49}},"2":{"start":{"line":4,"column":0},"end":{"line":25,"column":2}},"3":{"start":{"line":5,"column":21},"end":{"line":5,"column":48}},"4":{"start":{"line":6,"column":2},"end":{"line":11,"column":6}},"5":{"start":{"line":7,"column":4},"end":{"line":11,"column":6}},"6":{"start":{"line":12,"column":21},"end":{"line":12,"column":42}},"7":{"start":{"line":13,"column":2},"end":{"line":18,"column":6}},"8":{"start":{"line":14,"column":4},"end":{"line":18,"column":6}},"9":{"start":{"line":19,"column":18},"end":{"line":19,"column":46}},"10":{"start":{"line":20,"column":2},"end":{"line":23,"column":3}},"11":{"start":{"line":21,"column":4},"end":{"line":21,"column":23}},"12":{"start":{"line":22,"column":4},"end":{"line":22,"column":18}},"13":{"start":{"line":24,"column":2},"end":{"line":24,"column":67}}},"fnMap":{"0":{"name":"(anonymous_0)","decl":{"start":{"line":4,"column":17},"end":{"line":4,"column":18}},"loc":{"start":{"line":4,"column":37},"end":{"line":25,"column":1}},"line":4}},"branchMap":{"0":{"loc":{"start":{"line":6,"column":2},"end":{"line":11,"column":6}},"type":"if","locations":[{"start":{"line":6,"column":2},"end":{"line":11,"column":6}},{"start":{"line":6,"column":2},"end":{"line":11,"column":6}}],"line":6},"1":{"loc":{"start":{"line":13,"column":2},"end":{"line":18,"column":6}},"type":"if","locations":[{"start":{"line":13,"column":2},"end":{"line":18,"column":6}},{"start":{"line":13,"column":2},"end":{"line":18,"column":6}}],"line":13},"2":{"loc":{"start":{"line":13,"column":6},"end":{"line":13,"column":59}},"type":"binary-expr","locations":[{"start":{"line":13,"column":6},"end":{"line":13,"column":29}},{"start":{"line":13,"column":33},"end":{"line":13,"column":59}}],"line":13},"3":{"loc":{"start":{"line":20,"column":2},"end":{"line":23,"column":3}},"type":"if","locations":[{"start":{"line":20,"column":2},"end":{"line":23,"column":3}},{"start":{"line":20,"column":2},"end":{"line":23,"column":3}}],"line":20}},"s":{"0":7,"1":7,"2":7,"3":87,"4":87,"5":1,"6":86,"7":86,"8":1,"9":85,"10":85,"11":83,"12":83,"13":2},"f":{"0":87},"b":{"0":[1,86],"1":[1,85],"2":[86,85],"3":[83,2]},"_coverageSchema":"43e27e138ebf9cfc5966b082cf9a028302ed4184","hash":"e27bbab8146563dc1c2197ac4ffd6a84ae5e50dc"}
,"/Users/mason/Desktop/jr/jr-cms-prd/server/src/middlewares/errorHandler.js": {"path":"/Users/mason/Desktop/jr/jr-cms-prd/server/src/middlewares/errorHandler.js","statementMap":{"0":{"start":{"line":1,"column":15},"end":{"line":1,"column":41}},"1":{"start":{"line":2,"column":27},"end":{"line":2,"column":53}},"2":{"start":{"line":5,"column":12},"end":{"line":5,"column":25}},"3":{"start":{"line":7,"column":2},"end":{"line":7,"column":43}},"4":{"start":{"line":8,"column":2},"end":{"line":8,"column":24}},"5":{"start":{"line":9,"column":2},"end":{"line":9,"column":13}},"6":{"start":{"line":12,"column":0},"end":{"line":28,"column":2}},"7":{"start":{"line":13,"column":2},"end":{"line":15,"column":3}},"8":{"start":{"line":14,"column":4},"end":{"line":14,"column":63}},"9":{"start":{"line":17,"column":2},"end":{"line":19,"column":3}},"10":{"start":{"line":18,"column":4},"end":{"line":18,"column":65}},"11":{"start":{"line":20,"column":2},"end":{"line":22,"column":3}},"12":{"start":{"line":21,"column":4},"end":{"line":21,"column":49}},"13":{"start":{"line":23,"column":2},"end":{"line":23,"column":51}},"14":{"start":{"line":24,"column":2},"end":{"line":24,"column":61}},"15":{"start":{"line":25,"column":2},"end":{"line":25,"column":20}},"16":{"start":{"line":26,"column":2},"end":{"line":26,"column":49}},"17":{"start":{"line":27,"column":2},"end":{"line":27,"column":39}}},"fnMap":{"0":{"name":"parseValidationError","decl":{"start":{"line":4,"column":9},"end":{"line":4,"column":29}},"loc":{"start":{"line":4,"column":37},"end":{"line":10,"column":1}},"line":4},"1":{"name":"(anonymous_1)","decl":{"start":{"line":12,"column":17},"end":{"line":12,"column":18}},"loc":{"start":{"line":12,"column":42},"end":{"line":28,"column":1}},"line":12}},"branchMap":{"0":{"loc":{"start":{"line":13,"column":2},"end":{"line":15,"column":3}},"type":"if","locations":[{"start":{"line":13,"column":2},"end":{"line":15,"column":3}},{"start":{"line":13,"column":2},"end":{"line":15,"column":3}}],"line":13},"1":{"loc":{"start":{"line":17,"column":2},"end":{"line":19,"column":3}},"type":"if","locations":[{"start":{"line":17,"column":2},"end":{"line":19,"column":3}},{"start":{"line":17,"column":2},"end":{"line":19,"column":3}}],"line":17},"2":{"loc":{"start":{"line":20,"column":2},"end":{"line":22,"column":3}},"type":"if","locations":[{"start":{"line":20,"column":2},"end":{"line":22,"column":3}},{"start":{"line":20,"column":2},"end":{"line":22,"column":3}}],"line":20}},"s":{"0":7,"1":7,"2":12,"3":12,"4":12,"5":12,"6":7,"7":18,"8":12,"9":6,"10":0,"11":6,"12":6,"13":0,"14":0,"15":0,"16":0,"17":0},"f":{"0":12,"1":18},"b":{"0":[12,6],"1":[0,6],"2":[6,0]},"_coverageSchema":"43e27e138ebf9cfc5966b082cf9a028302ed4184","hash":"5c8c44a192eb67a9f3a7046ad68b4588cd26138d"}
,"/Users/mason/Desktop/jr/jr-cms-prd/server/src/middlewares/validateAuth.js": {"path":"/Users/mason/Desktop/jr/jr-cms-prd/server/src/middlewares/validateAuth.js","statementMap":{"0":{"start":{"line":1,"column":12},"end":{"line":1,"column":26}},"1":{"start":{"line":2,"column":27},"end":{"line":2,"column":53}},"2":{"start":{"line":5,"column":17},"end":{"line":13,"column":3}},"3":{"start":{"line":15,"column":2},"end":{"line":15,"column":35}},"4":{"start":{"line":17,"column":0},"end":{"line":23,"column":2}},"5":{"start":{"line":18,"column":20},"end":{"line":18,"column":38}},"6":{"start":{"line":19,"column":2},"end":{"line":21,"column":3}},"7":{"start":{"line":20,"column":4},"end":{"line":20,"column":62}},"8":{"start":{"line":22,"column":2},"end":{"line":22,"column":16}}},"fnMap":{"0":{"name":"validate","decl":{"start":{"line":4,"column":9},"end":{"line":4,"column":17}},"loc":{"start":{"line":4,"column":23},"end":{"line":16,"column":1}},"line":4},"1":{"name":"(anonymous_1)","decl":{"start":{"line":17,"column":17},"end":{"line":17,"column":18}},"loc":{"start":{"line":17,"column":37},"end":{"line":23,"column":1}},"line":17}},"branchMap":{"0":{"loc":{"start":{"line":19,"column":2},"end":{"line":21,"column":3}},"type":"if","locations":[{"start":{"line":19,"column":2},"end":{"line":21,"column":3}},{"start":{"line":19,"column":2},"end":{"line":21,"column":3}}],"line":19}},"s":{"0":7,"1":7,"2":9,"3":9,"4":7,"5":9,"6":9,"7":4,"8":5},"f":{"0":9,"1":9},"b":{"0":[4,5]},"_coverageSchema":"43e27e138ebf9cfc5966b082cf9a028302ed4184","hash":"6f85747e0b29c9bcec751f7db8e3573791840882"}
,"/Users/mason/Desktop/jr/jr-cms-prd/server/src/middlewares/validateId.js": {"path":"/Users/mason/Desktop/jr/jr-cms-prd/server/src/middlewares/validateId.js","statementMap":{"0":{"start":{"line":1,"column":21},"end":{"line":1,"column":46}},"1":{"start":{"line":2,"column":27},"end":{"line":2,"column":53}},"2":{"start":{"line":4,"column":0},"end":{"line":10,"column":2}},"3":{"start":{"line":5,"column":17},"end":{"line":5,"column":27}},"4":{"start":{"line":6,"column":2},"end":{"line":8,"column":3}},"5":{"start":{"line":7,"column":4},"end":{"line":7,"column":50}},"6":{"start":{"line":9,"column":2},"end":{"line":9,"column":16}}},"fnMap":{"0":{"name":"(anonymous_0)","decl":{"start":{"line":4,"column":17},"end":{"line":4,"column":18}},"loc":{"start":{"line":4,"column":37},"end":{"line":10,"column":1}},"line":4}},"branchMap":{"0":{"loc":{"start":{"line":6,"column":2},"end":{"line":8,"column":3}},"type":"if","locations":[{"start":{"line":6,"column":2},"end":{"line":8,"column":3}},{"start":{"line":6,"column":2},"end":{"line":8,"column":3}}],"line":6}},"s":{"0":7,"1":7,"2":7,"3":39,"4":39,"5":1,"6":38},"f":{"0":39},"b":{"0":[1,38]},"_coverageSchema":"43e27e138ebf9cfc5966b082cf9a028302ed4184","hash":"a54a5844eae03d2883f7337afe0960a18c8dfbe9"}
,"/Users/mason/Desktop/jr/jr-cms-prd/server/src/models/course.js": {"path":"/Users/mason/Desktop/jr/jr-cms-prd/server/src/models/course.js","statementMap":{"0":{"start":{"line":2,"column":17},"end":{"line":2,"column":36}},"1":{"start":{"line":3,"column":12},"end":{"line":3,"column":26}},"2":{"start":{"line":5,"column":21},"end":{"line":43,"column":1}},"3":{"start":{"line":25,"column":26},"end":{"line":25,"column":70}},"4":{"start":{"line":45,"column":0},"end":{"line":51,"column":2}},"5":{"start":{"line":46,"column":29},"end":{"line":46,"column":39}},"6":{"start":{"line":47,"column":2},"end":{"line":50,"column":21}},"7":{"start":{"line":53,"column":0},"end":{"line":53,"column":56}}},"fnMap":{"0":{"name":"(anonymous_0)","decl":{"start":{"line":25,"column":19},"end":{"line":25,"column":20}},"loc":{"start":{"line":25,"column":26},"end":{"line":25,"column":70}},"line":25},"1":{"name":"(anonymous_1)","decl":{"start":{"line":45,"column":35},"end":{"line":45,"column":36}},"loc":{"start":{"line":45,"column":76},"end":{"line":51,"column":1}},"line":45}},"branchMap":{},"s":{"0":7,"1":7,"2":7,"3":2,"4":7,"5":1,"6":1,"7":7},"f":{"0":2,"1":1},"b":{},"_coverageSchema":"43e27e138ebf9cfc5966b082cf9a028302ed4184","hash":"e12e871575941129193b8c7691641ae73c7ca3e9"}
,"/Users/mason/Desktop/jr/jr-cms-prd/server/src/models/personSchema.js": {"path":"/Users/mason/Desktop/jr/jr-cms-prd/server/src/models/personSchema.js","statementMap":{"0":{"start":{"line":2,"column":17},"end":{"line":2,"column":36}},"1":{"start":{"line":3,"column":12},"end":{"line":3,"column":26}},"2":{"start":{"line":5,"column":21},"end":{"line":49,"column":1}},"3":{"start":{"line":23,"column":28},"end":{"line":23,"column":76}},"4":{"start":{"line":30,"column":26},"end":{"line":30,"column":70}},"5":{"start":{"line":51,"column":0},"end":{"line":53,"column":3}},"6":{"start":{"line":52,"column":2},"end":{"line":52,"column":46}},"7":{"start":{"line":55,"column":0},"end":{"line":82,"column":2}},"8":{"start":{"line":56,"column":29},"end":{"line":56,"column":39}},"9":{"start":{"line":57,"column":20},"end":{"line":77,"column":3}},"10":{"start":{"line":78,"column":2},"end":{"line":80,"column":3}},"11":{"start":{"line":79,"column":4},"end":{"line":79,"column":44}},"12":{"start":{"line":81,"column":2},"end":{"line":81,"column":35}},"13":{"start":{"line":85,"column":0},"end":{"line":85,"column":48}},"14":{"start":{"line":85,"column":24},"end":{"line":85,"column":44}}},"fnMap":{"0":{"name":"(anonymous_0)","decl":{"start":{"line":23,"column":19},"end":{"line":23,"column":20}},"loc":{"start":{"line":23,"column":28},"end":{"line":23,"column":76}},"line":23},"1":{"name":"(anonymous_1)","decl":{"start":{"line":30,"column":19},"end":{"line":30,"column":20}},"loc":{"start":{"line":30,"column":26},"end":{"line":30,"column":70}},"line":30},"2":{"name":"(anonymous_2)","decl":{"start":{"line":51,"column":37},"end":{"line":51,"column":38}},"loc":{"start":{"line":51,"column":48},"end":{"line":53,"column":1}},"line":51},"3":{"name":"(anonymous_3)","decl":{"start":{"line":55,"column":35},"end":{"line":55,"column":36}},"loc":{"start":{"line":55,"column":73},"end":{"line":82,"column":1}},"line":55},"4":{"name":"(anonymous_4)","decl":{"start":{"line":85,"column":18},"end":{"line":85,"column":19}},"loc":{"start":{"line":85,"column":24},"end":{"line":85,"column":44}},"line":85}},"branchMap":{"0":{"loc":{"start":{"line":78,"column":2},"end":{"line":80,"column":3}},"type":"if","locations":[{"start":{"line":78,"column":2},"end":{"line":80,"column":3}},{"start":{"line":78,"column":2},"end":{"line":80,"column":3}}],"line":78}},"s":{"0":7,"1":7,"2":7,"3":30,"4":4,"5":7,"6":38,"7":7,"8":3,"9":3,"10":3,"11":1,"12":3,"13":7,"14":7},"f":{"0":30,"1":4,"2":38,"3":3,"4":7},"b":{"0":[1,2]},"_coverageSchema":"43e27e138ebf9cfc5966b082cf9a028302ed4184","hash":"8e5d1cd979e8aa56479560c5c3e3f8ec2dc13cb3"}
,"/Users/mason/Desktop/jr/jr-cms-prd/server/src/models/student.js": {"path":"/Users/mason/Desktop/jr/jr-cms-prd/server/src/models/student.js","statementMap":{"0":{"start":{"line":1,"column":17},"end":{"line":1,"column":36}},"1":{"start":{"line":2,"column":21},"end":{"line":2,"column":46}},"2":{"start":{"line":4,"column":0},"end":{"line":4,"column":57}}},"fnMap":{},"branchMap":{},"s":{"0":7,"1":7,"2":7},"f":{},"b":{},"_coverageSchema":"43e27e138ebf9cfc5966b082cf9a028302ed4184","hash":"2930714edc35b4a5cba6b1851cdaf6f978b4748b"}
,"/Users/mason/Desktop/jr/jr-cms-prd/server/src/models/teacher.js": {"path":"/Users/mason/Desktop/jr/jr-cms-prd/server/src/models/teacher.js","statementMap":{"0":{"start":{"line":1,"column":17},"end":{"line":1,"column":36}},"1":{"start":{"line":2,"column":21},"end":{"line":2,"column":46}},"2":{"start":{"line":4,"column":0},"end":{"line":4,"column":57}}},"fnMap":{},"branchMap":{},"s":{"0":7,"1":7,"2":7},"f":{},"b":{},"_coverageSchema":"43e27e138ebf9cfc5966b082cf9a028302ed4184","hash":"d84fdd2d1c0bc13e8cc9ba4908aabb16b35babbe"}
,"/Users/mason/Desktop/jr/jr-cms-prd/server/src/models/user.js": {"path":"/Users/mason/Desktop/jr/jr-cms-prd/server/src/models/user.js","statementMap":{"0":{"start":{"line":3,"column":12},"end":{"line":3,"column":26}},"1":{"start":{"line":4,"column":17},"end":{"line":4,"column":36}},"2":{"start":{"line":5,"column":15},"end":{"line":5,"column":32}},"3":{"start":{"line":7,"column":19},"end":{"line":36,"column":1}},"4":{"start":{"line":22,"column":28},"end":{"line":22,"column":76}},"5":{"start":{"line":38,"column":0},"end":{"line":40,"column":2}},"6":{"start":{"line":39,"column":2},"end":{"line":39,"column":55}},"7":{"start":{"line":42,"column":0},"end":{"line":45,"column":2}},"8":{"start":{"line":43,"column":24},"end":{"line":43,"column":69}},"9":{"start":{"line":44,"column":2},"end":{"line":44,"column":23}},"10":{"start":{"line":47,"column":13},"end":{"line":47,"column":47}},"11":{"start":{"line":49,"column":0},"end":{"line":49,"column":22}}},"fnMap":{"0":{"name":"(anonymous_0)","decl":{"start":{"line":22,"column":19},"end":{"line":22,"column":20}},"loc":{"start":{"line":22,"column":28},"end":{"line":22,"column":76}},"line":22},"1":{"name":"(anonymous_1)","decl":{"start":{"line":38,"column":34},"end":{"line":38,"column":35}},"loc":{"start":{"line":38,"column":51},"end":{"line":40,"column":1}},"line":38},"2":{"name":"(anonymous_2)","decl":{"start":{"line":42,"column":38},"end":{"line":42,"column":39}},"loc":{"start":{"line":42,"column":63},"end":{"line":45,"column":1}},"line":42}},"branchMap":{},"s":{"0":7,"1":7,"2":7,"3":7,"4":2,"5":7,"6":2,"7":7,"8":2,"9":2,"10":7,"11":7},"f":{"0":2,"1":2,"2":2},"b":{},"_coverageSchema":"43e27e138ebf9cfc5966b082cf9a028302ed4184","hash":"2f0abf505fc0e535598e9fa68ee39edcf31099f1"}
,"/Users/mason/Desktop/jr/jr-cms-prd/server/src/routes/auth.js": {"path":"/Users/mason/Desktop/jr/jr-cms-prd/server/src/routes/auth.js","statementMap":{"0":{"start":{"line":1,"column":16},"end":{"line":1,"column":34}},"1":{"start":{"line":2,"column":18},"end":{"line":2,"column":48}},"2":{"start":{"line":3,"column":21},"end":{"line":3,"column":59}},"3":{"start":{"line":5,"column":15},"end":{"line":5,"column":31}},"4":{"start":{"line":7,"column":0},"end":{"line":7,"column":38}},"5":{"start":{"line":9,"column":0},"end":{"line":9,"column":24}}},"fnMap":{},"branchMap":{},"s":{"0":7,"1":7,"2":7,"3":7,"4":7,"5":7},"f":{},"b":{},"_coverageSchema":"43e27e138ebf9cfc5966b082cf9a028302ed4184","hash":"bb46944c26f62c415803ebd8cdef7072f0d72d05"}
,"/Users/mason/Desktop/jr/jr-cms-prd/server/src/routes/course.js": {"path":"/Users/mason/Desktop/jr/jr-cms-prd/server/src/routes/course.js","statementMap":{"0":{"start":{"line":1,"column":15},"end":{"line":1,"column":42}},"1":{"start":{"line":9,"column":4},"end":{"line":9,"column":36}},"2":{"start":{"line":10,"column":24},"end":{"line":10,"column":50}},"3":{"start":{"line":12,"column":0},"end":{"line":12,"column":31}},"4":{"start":{"line":13,"column":0},"end":{"line":13,"column":32}},"5":{"start":{"line":14,"column":0},"end":{"line":14,"column":35}},"6":{"start":{"line":15,"column":0},"end":{"line":15,"column":70}},"7":{"start":{"line":16,"column":0},"end":{"line":16,"column":28}},"8":{"start":{"line":17,"column":0},"end":{"line":17,"column":38}},"9":{"start":{"line":19,"column":0},"end":{"line":19,"column":24}}},"fnMap":{},"branchMap":{},"s":{"0":7,"1":7,"2":7,"3":7,"4":7,"5":7,"6":7,"7":7,"8":7,"9":7},"f":{},"b":{},"_coverageSchema":"43e27e138ebf9cfc5966b082cf9a028302ed4184","hash":"6f47090d28cf8e82895d0d9f18cfc810144192df"}
,"/Users/mason/Desktop/jr/jr-cms-prd/server/src/routes/student.js": {"path":"/Users/mason/Desktop/jr/jr-cms-prd/server/src/routes/student.js","statementMap":{"0":{"start":{"line":1,"column":15},"end":{"line":1,"column":42}},"1":{"start":{"line":11,"column":4},"end":{"line":11,"column":37}},"2":{"start":{"line":12,"column":19},"end":{"line":12,"column":55}},"3":{"start":{"line":13,"column":24},"end":{"line":13,"column":50}},"4":{"start":{"line":15,"column":0},"end":{"line":15,"column":32}},"5":{"start":{"line":16,"column":0},"end":{"line":16,"column":43}},"6":{"start":{"line":17,"column":0},"end":{"line":17,"column":29}},"7":{"start":{"line":18,"column":0},"end":{"line":18,"column":57}},"8":{"start":{"line":19,"column":0},"end":{"line":19,"column":46}},"9":{"start":{"line":20,"column":0},"end":{"line":25,"column":2}},"10":{"start":{"line":26,"column":0},"end":{"line":26,"column":49}},"11":{"start":{"line":27,"column":0},"end":{"line":27,"column":62}},"12":{"start":{"line":29,"column":0},"end":{"line":29,"column":24}}},"fnMap":{},"branchMap":{},"s":{"0":7,"1":7,"2":7,"3":7,"4":7,"5":7,"6":7,"7":7,"8":7,"9":7,"10":7,"11":7,"12":7},"f":{},"b":{},"_coverageSchema":"43e27e138ebf9cfc5966b082cf9a028302ed4184","hash":"6f60c912665216e72c02f4bf53d6683492925aec"}
,"/Users/mason/Desktop/jr/jr-cms-prd/server/src/routes/teacher.js": {"path":"/Users/mason/Desktop/jr/jr-cms-prd/server/src/routes/teacher.js","statementMap":{"0":{"start":{"line":1,"column":15},"end":{"line":1,"column":42}},"1":{"start":{"line":11,"column":4},"end":{"line":11,"column":37}},"2":{"start":{"line":12,"column":19},"end":{"line":12,"column":55}},"3":{"start":{"line":13,"column":24},"end":{"line":13,"column":50}},"4":{"start":{"line":15,"column":0},"end":{"line":15,"column":32}},"5":{"start":{"line":16,"column":0},"end":{"line":16,"column":43}},"6":{"start":{"line":17,"column":0},"end":{"line":17,"column":29}},"7":{"start":{"line":18,"column":0},"end":{"line":18,"column":57}},"8":{"start":{"line":19,"column":0},"end":{"line":19,"column":46}},"9":{"start":{"line":20,"column":0},"end":{"line":25,"column":2}},"10":{"start":{"line":26,"column":0},"end":{"line":26,"column":49}},"11":{"start":{"line":27,"column":0},"end":{"line":27,"column":62}},"12":{"start":{"line":29,"column":0},"end":{"line":29,"column":24}}},"fnMap":{},"branchMap":{},"s":{"0":7,"1":7,"2":7,"3":7,"4":7,"5":7,"6":7,"7":7,"8":7,"9":7,"10":7,"11":7,"12":7},"f":{},"b":{},"_coverageSchema":"43e27e138ebf9cfc5966b082cf9a028302ed4184","hash":"9de8a0046207f795c63b574a90d3c5977b7a00cc"}
,"/Users/mason/Desktop/jr/jr-cms-prd/server/src/routes/user.js": {"path":"/Users/mason/Desktop/jr/jr-cms-prd/server/src/routes/user.js","statementMap":{"0":{"start":{"line":1,"column":16},"end":{"line":1,"column":34}},"1":{"start":{"line":2,"column":29},"end":{"line":2,"column":59}},"2":{"start":{"line":3,"column":18},"end":{"line":3,"column":53}},"3":{"start":{"line":4,"column":21},"end":{"line":4,"column":59}},"4":{"start":{"line":6,"column":15},"end":{"line":6,"column":31}},"5":{"start":{"line":8,"column":0},"end":{"line":8,"column":38}},"6":{"start":{"line":10,"column":0},"end":{"line":10,"column":40}},"7":{"start":{"line":12,"column":0},"end":{"line":12,"column":24}}},"fnMap":{},"branchMap":{},"s":{"0":7,"1":7,"2":7,"3":7,"4":7,"5":7,"6":7,"7":7},"f":{},"b":{},"_coverageSchema":"43e27e138ebf9cfc5966b082cf9a028302ed4184","hash":"7e4015e4b63b67cd36b5a2025a7135355fc084ea"}
,"/Users/mason/Desktop/jr/jr-cms-prd/server/src/services/course.js": {"path":"/Users/mason/Desktop/jr/jr-cms-prd/server/src/services/course.js","statementMap":{"0":{"start":{"line":1,"column":15},"end":{"line":1,"column":42}},"1":{"start":{"line":2,"column":16},"end":{"line":2,"column":36}},"2":{"start":{"line":6,"column":4},"end":{"line":15,"column":6}},"3":{"start":{"line":19,"column":4},"end":{"line":28,"column":6}},"4":{"start":{"line":33,"column":4},"end":{"line":37,"column":7}},"5":{"start":{"line":42,"column":4},"end":{"line":46,"column":7}},"6":{"start":{"line":50,"column":0},"end":{"line":50,"column":43}}},"fnMap":{"0":{"name":"(anonymous_0)","decl":{"start":{"line":5,"column":2},"end":{"line":5,"column":3}},"loc":{"start":{"line":5,"column":37},"end":{"line":16,"column":3}},"line":5},"1":{"name":"(anonymous_1)","decl":{"start":{"line":18,"column":2},"end":{"line":18,"column":3}},"loc":{"start":{"line":18,"column":37},"end":{"line":29,"column":3}},"line":18},"2":{"name":"(anonymous_2)","decl":{"start":{"line":32,"column":2},"end":{"line":32,"column":3}},"loc":{"start":{"line":32,"column":52},"end":{"line":38,"column":3}},"line":32},"3":{"name":"(anonymous_3)","decl":{"start":{"line":41,"column":2},"end":{"line":41,"column":3}},"loc":{"start":{"line":41,"column":52},"end":{"line":47,"column":3}},"line":41}},"branchMap":{},"s":{"0":7,"1":7,"2":1,"3":1,"4":1,"5":1,"6":7},"f":{"0":1,"1":1,"2":1,"3":1},"b":{},"_coverageSchema":"43e27e138ebf9cfc5966b082cf9a028302ed4184","hash":"b10daab52a6a0a6f14dfea12fd4fed911e804d04"}
,"/Users/mason/Desktop/jr/jr-cms-prd/server/src/services/person.js": {"path":"/Users/mason/Desktop/jr/jr-cms-prd/server/src/services/person.js","statementMap":{"0":{"start":{"line":1,"column":16},"end":{"line":1,"column":36}},"1":{"start":{"line":5,"column":4},"end":{"line":14,"column":6}},"2":{"start":{"line":18,"column":4},"end":{"line":26,"column":6}},"3":{"start":{"line":30,"column":4},"end":{"line":38,"column":6}},"4":{"start":{"line":42,"column":0},"end":{"line":42,"column":31}}},"fnMap":{"0":{"name":"(anonymous_0)","decl":{"start":{"line":4,"column":2},"end":{"line":4,"column":3}},"loc":{"start":{"line":4,"column":35},"end":{"line":15,"column":3}},"line":4},"1":{"name":"(anonymous_1)","decl":{"start":{"line":17,"column":2},"end":{"line":17,"column":3}},"loc":{"start":{"line":17,"column":39},"end":{"line":27,"column":3}},"line":17},"2":{"name":"(anonymous_2)","decl":{"start":{"line":29,"column":2},"end":{"line":29,"column":3}},"loc":{"start":{"line":29,"column":42},"end":{"line":39,"column":3}},"line":29}},"branchMap":{},"s":{"0":7,"1":2,"2":4,"3":4,"4":7},"f":{"0":2,"1":4,"2":4},"b":{},"_coverageSchema":"43e27e138ebf9cfc5966b082cf9a028302ed4184","hash":"e6298582d2edd9c7ec47f1d46ce7d6cd8d887305"}
,"/Users/mason/Desktop/jr/jr-cms-prd/server/src/services/service.js": {"path":"/Users/mason/Desktop/jr/jr-cms-prd/server/src/services/service.js","statementMap":{"0":{"start":{"line":3,"column":4},"end":{"line":3,"column":23}},"1":{"start":{"line":7,"column":18},"end":{"line":7,"column":58}},"2":{"start":{"line":8,"column":4},"end":{"line":8,"column":17}},"3":{"start":{"line":12,"column":4},"end":{"line":12,"column":35}},"4":{"start":{"line":16,"column":31},"end":{"line":16,"column":41}},"5":{"start":{"line":18,"column":4},"end":{"line":24,"column":5}},"6":{"start":{"line":19,"column":6},"end":{"line":19,"column":63}},"7":{"start":{"line":21,"column":6},"end":{"line":21,"column":32}},"8":{"start":{"line":22,"column":6},"end":{"line":22,"column":31}},"9":{"start":{"line":23,"column":6},"end":{"line":23,"column":64}},"10":{"start":{"line":25,"column":4},"end":{"line":25,"column":17}},"11":{"start":{"line":30,"column":16},"end":{"line":30,"column":39}},"12":{"start":{"line":31,"column":4},"end":{"line":40,"column":5}},"13":{"start":{"line":32,"column":6},"end":{"line":39,"column":9}},"14":{"start":{"line":33,"column":18},"end":{"line":33,"column":29}},"15":{"start":{"line":34,"column":8},"end":{"line":38,"column":9}},"16":{"start":{"line":35,"column":10},"end":{"line":35,"column":39}},"17":{"start":{"line":37,"column":10},"end":{"line":37,"column":36}},"18":{"start":{"line":41,"column":4},"end":{"line":41,"column":17}},"19":{"start":{"line":45,"column":21},"end":{"line":45,"column":43}},"20":{"start":{"line":46,"column":4},"end":{"line":46,"column":26}},"21":{"start":{"line":47,"column":4},"end":{"line":47,"column":20}},"22":{"start":{"line":52,"column":4},"end":{"line":55,"column":7}},"23":{"start":{"line":59,"column":4},"end":{"line":59,"column":44}},"24":{"start":{"line":63,"column":0},"end":{"line":63,"column":25}}},"fnMap":{"0":{"name":"(anonymous_0)","decl":{"start":{"line":2,"column":2},"end":{"line":2,"column":3}},"loc":{"start":{"line":2,"column":21},"end":{"line":4,"column":3}},"line":2},"1":{"name":"(anonymous_1)","decl":{"start":{"line":6,"column":2},"end":{"line":6,"column":3}},"loc":{"start":{"line":6,"column":19},"end":{"line":9,"column":3}},"line":6},"2":{"name":"(anonymous_2)","decl":{"start":{"line":11,"column":2},"end":{"line":11,"column":3}},"loc":{"start":{"line":11,"column":19},"end":{"line":13,"column":3}},"line":11},"3":{"name":"(anonymous_3)","decl":{"start":{"line":15,"column":2},"end":{"line":15,"column":3}},"loc":{"start":{"line":15,"column":41},"end":{"line":26,"column":3}},"line":15},"4":{"name":"(anonymous_4)","decl":{"start":{"line":29,"column":2},"end":{"line":29,"column":3}},"loc":{"start":{"line":29,"column":41},"end":{"line":42,"column":3}},"line":29},"5":{"name":"(anonymous_5)","decl":{"start":{"line":32,"column":36},"end":{"line":32,"column":37}},"loc":{"start":{"line":32,"column":41},"end":{"line":39,"column":7}},"line":32},"6":{"name":"(anonymous_6)","decl":{"start":{"line":44,"column":2},"end":{"line":44,"column":3}},"loc":{"start":{"line":44,"column":26},"end":{"line":48,"column":3}},"line":44},"7":{"name":"(anonymous_7)","decl":{"start":{"line":51,"column":2},"end":{"line":51,"column":3}},"loc":{"start":{"line":51,"column":30},"end":{"line":56,"column":3}},"line":51},"8":{"name":"(anonymous_8)","decl":{"start":{"line":58,"column":2},"end":{"line":58,"column":3}},"loc":{"start":{"line":58,"column":22},"end":{"line":60,"column":3}},"line":58}},"branchMap":{"0":{"loc":{"start":{"line":18,"column":4},"end":{"line":24,"column":5}},"type":"if","locations":[{"start":{"line":18,"column":4},"end":{"line":24,"column":5}},{"start":{"line":18,"column":4},"end":{"line":24,"column":5}}],"line":18},"1":{"loc":{"start":{"line":31,"column":4},"end":{"line":40,"column":5}},"type":"if","locations":[{"start":{"line":31,"column":4},"end":{"line":40,"column":5}},{"start":{"line":31,"column":4},"end":{"line":40,"column":5}}],"line":31},"2":{"loc":{"start":{"line":34,"column":8},"end":{"line":38,"column":9}},"type":"if","locations":[{"start":{"line":34,"column":8},"end":{"line":38,"column":9}},{"start":{"line":34,"column":8},"end":{"line":38,"column":9}}],"line":34}},"s":{"0":28,"1":18,"2":18,"3":14,"4":18,"5":18,"6":4,"7":14,"8":14,"9":14,"10":18,"11":6,"12":6,"13":6,"14":8,"15":8,"16":8,"17":0,"18":6,"19":11,"20":11,"21":3,"22":15,"23":6,"24":7},"f":{"0":28,"1":18,"2":14,"3":18,"4":6,"5":8,"6":11,"7":15,"8":6},"b":{"0":[4,14],"1":[6,0],"2":[8,0]},"_coverageSchema":"43e27e138ebf9cfc5966b082cf9a028302ed4184","hash":"59bda9589217231fa95f3227bb028dd7daf45130"}
,"/Users/mason/Desktop/jr/jr-cms-prd/server/src/services/student.js": {"path":"/Users/mason/Desktop/jr/jr-cms-prd/server/src/services/student.js","statementMap":{"0":{"start":{"line":1,"column":16},"end":{"line":1,"column":44}},"1":{"start":{"line":2,"column":22},"end":{"line":2,"column":41}},"2":{"start":{"line":6,"column":0},"end":{"line":6,"column":45}}},"fnMap":{},"branchMap":{},"s":{"0":7,"1":7,"2":7},"f":{},"b":{},"_coverageSchema":"43e27e138ebf9cfc5966b082cf9a028302ed4184","hash":"8818b8a00f73937edf384ecf0f3b2175b0a80d58"}
,"/Users/mason/Desktop/jr/jr-cms-prd/server/src/services/teacher.js": {"path":"/Users/mason/Desktop/jr/jr-cms-prd/server/src/services/teacher.js","statementMap":{"0":{"start":{"line":1,"column":16},"end":{"line":1,"column":44}},"1":{"start":{"line":2,"column":22},"end":{"line":2,"column":41}},"2":{"start":{"line":6,"column":0},"end":{"line":6,"column":45}}},"fnMap":{},"branchMap":{},"s":{"0":7,"1":7,"2":7},"f":{},"b":{},"_coverageSchema":"43e27e138ebf9cfc5966b082cf9a028302ed4184","hash":"a0c774cc4580c611955925f329de067613908899"}
,"/Users/mason/Desktop/jr/jr-cms-prd/server/src/services/user.js": {"path":"/Users/mason/Desktop/jr/jr-cms-prd/server/src/services/user.js","statementMap":{"0":{"start":{"line":1,"column":13},"end":{"line":1,"column":38}},"1":{"start":{"line":2,"column":16},"end":{"line":2,"column":36}},"2":{"start":{"line":6,"column":21},"end":{"line":6,"column":43}},"3":{"start":{"line":7,"column":4},"end":{"line":7,"column":34}},"4":{"start":{"line":8,"column":4},"end":{"line":8,"column":26}},"5":{"start":{"line":9,"column":4},"end":{"line":9,"column":20}},"6":{"start":{"line":13,"column":4},"end":{"line":13,"column":37}},"7":{"start":{"line":17,"column":17},"end":{"line":17,"column":71}},"8":{"start":{"line":18,"column":26},"end":{"line":18,"column":63}},"9":{"start":{"line":19,"column":4},"end":{"line":19,"column":39}},"10":{"start":{"line":23,"column":0},"end":{"line":23,"column":39}}},"fnMap":{"0":{"name":"(anonymous_0)","decl":{"start":{"line":5,"column":2},"end":{"line":5,"column":3}},"loc":{"start":{"line":5,"column":26},"end":{"line":10,"column":3}},"line":5},"1":{"name":"(anonymous_1)","decl":{"start":{"line":12,"column":2},"end":{"line":12,"column":3}},"loc":{"start":{"line":12,"column":29},"end":{"line":14,"column":3}},"line":12},"2":{"name":"(anonymous_2)","decl":{"start":{"line":16,"column":2},"end":{"line":16,"column":3}},"loc":{"start":{"line":16,"column":38},"end":{"line":20,"column":3}},"line":16}},"branchMap":{"0":{"loc":{"start":{"line":19,"column":11},"end":{"line":19,"column":38}},"type":"cond-expr","locations":[{"start":{"line":19,"column":27},"end":{"line":19,"column":31}},{"start":{"line":19,"column":34},"end":{"line":19,"column":38}}],"line":19}},"s":{"0":7,"1":7,"2":2,"3":2,"4":2,"5":1,"6":3,"7":2,"8":2,"9":2,"10":7},"f":{"0":2,"1":3,"2":2},"b":{"0":[1,1]},"_coverageSchema":"43e27e138ebf9cfc5966b082cf9a028302ed4184","hash":"4ebeb9feba5fd75c82a223d6a7d0a64036fc6d9d"}
,"/Users/mason/Desktop/jr/jr-cms-prd/server/src/utils/db.js": {"path":"/Users/mason/Desktop/jr/jr-cms-prd/server/src/utils/db.js","statementMap":{"0":{"start":{"line":1,"column":17},"end":{"line":1,"column":36}},"1":{"start":{"line":2,"column":15},"end":{"line":2,"column":34}},"2":{"start":{"line":4,"column":0},"end":{"line":23,"column":2}},"3":{"start":{"line":5,"column":66},"end":{"line":5,"column":77}},"4":{"start":{"line":6,"column":2},"end":{"line":8,"column":3}},"5":{"start":{"line":7,"column":4},"end":{"line":7,"column":41}},"6":{"start":{"line":11,"column":2},"end":{"line":15,"column":3}},"7":{"start":{"line":12,"column":4},"end":{"line":12,"column":108}},"8":{"start":{"line":14,"column":4},"end":{"line":14,"column":72}},"9":{"start":{"line":17,"column":2},"end":{"line":17,"column":51}},"10":{"start":{"line":18,"column":2},"end":{"line":18,"column":42}},"11":{"start":{"line":19,"column":2},"end":{"line":22,"column":5}}},"fnMap":{"0":{"name":"(anonymous_0)","decl":{"start":{"line":4,"column":22},"end":{"line":4,"column":23}},"loc":{"start":{"line":4,"column":28},"end":{"line":23,"column":1}},"line":4}},"branchMap":{"0":{"loc":{"start":{"line":6,"column":2},"end":{"line":8,"column":3}},"type":"if","locations":[{"start":{"line":6,"column":2},"end":{"line":8,"column":3}},{"start":{"line":6,"column":2},"end":{"line":8,"column":3}}],"line":6},"1":{"loc":{"start":{"line":6,"column":8},"end":{"line":6,"column":41}},"type":"binary-expr","locations":[{"start":{"line":6,"column":8},"end":{"line":6,"column":19}},{"start":{"line":6,"column":23},"end":{"line":6,"column":30}},{"start":{"line":6,"column":34},"end":{"line":6,"column":41}}],"line":6},"2":{"loc":{"start":{"line":11,"column":2},"end":{"line":15,"column":3}},"type":"if","locations":[{"start":{"line":11,"column":2},"end":{"line":15,"column":3}},{"start":{"line":11,"column":2},"end":{"line":15,"column":3}}],"line":11},"3":{"loc":{"start":{"line":11,"column":6},"end":{"line":11,"column":28}},"type":"binary-expr","locations":[{"start":{"line":11,"column":6},"end":{"line":11,"column":17}},{"start":{"line":11,"column":21},"end":{"line":11,"column":28}}],"line":11}},"s":{"0":7,"1":7,"2":7,"3":7,"4":7,"5":0,"6":7,"7":0,"8":7,"9":7,"10":7,"11":7},"f":{"0":7},"b":{"0":[0,7],"1":[7,7,7],"2":[0,7],"3":[7,0]},"_coverageSchema":"43e27e138ebf9cfc5966b082cf9a028302ed4184","hash":"d04e9a9d7ac26b5fa7287a8153902afb2b40c532"}
,"/Users/mason/Desktop/jr/jr-cms-prd/server/src/utils/helper.js": {"path":"/Users/mason/Desktop/jr/jr-cms-prd/server/src/utils/helper.js","statementMap":{"0":{"start":{"line":2,"column":18},"end":{"line":2,"column":20}},"1":{"start":{"line":3,"column":2},"end":{"line":7,"column":5}},"2":{"start":{"line":4,"column":4},"end":{"line":6,"column":5}},"3":{"start":{"line":5,"column":6},"end":{"line":5,"column":27}},"4":{"start":{"line":8,"column":2},"end":{"line":8,"column":17}},"5":{"start":{"line":12,"column":15},"end":{"line":12,"column":17}},"6":{"start":{"line":13,"column":2},"end":{"line":22,"column":3}},"7":{"start":{"line":14,"column":17},"end":{"line":14,"column":37}},"8":{"start":{"line":15,"column":4},"end":{"line":21,"column":7}},"9":{"start":{"line":16,"column":6},"end":{"line":20,"column":7}},"10":{"start":{"line":17,"column":8},"end":{"line":17,"column":40}},"11":{"start":{"line":19,"column":8},"end":{"line":19,"column":22}},"12":{"start":{"line":23,"column":2},"end":{"line":23,"column":14}},"13":{"start":{"line":27,"column":2},"end":{"line":29,"column":3}},"14":{"start":{"line":28,"column":4},"end":{"line":28,"column":47}},"15":{"start":{"line":30,"column":27},"end":{"line":30,"column":32}},"16":{"start":{"line":31,"column":2},"end":{"line":31,"column":44}},"17":{"start":{"line":32,"column":2},"end":{"line":32,"column":35}},"18":{"start":{"line":33,"column":2},"end":{"line":35,"column":3}},"19":{"start":{"line":34,"column":4},"end":{"line":34,"column":13}},"20":{"start":{"line":36,"column":16},"end":{"line":36,"column":43}},"21":{"start":{"line":37,"column":2},"end":{"line":39,"column":3}},"22":{"start":{"line":38,"column":4},"end":{"line":38,"column":17}},"23":{"start":{"line":40,"column":2},"end":{"line":40,"column":35}},"24":{"start":{"line":44,"column":21},"end":{"line":44,"column":52}},"25":{"start":{"line":45,"column":15},"end":{"line":45,"column":43}},"26":{"start":{"line":46,"column":17},"end":{"line":46,"column":24}},"27":{"start":{"line":47,"column":2},"end":{"line":47,"column":38}},"28":{"start":{"line":51,"column":16},"end":{"line":51,"column":34}},"29":{"start":{"line":52,"column":2},"end":{"line":52,"column":33}},"30":{"start":{"line":56,"column":21},"end":{"line":56,"column":49}},"31":{"start":{"line":57,"column":16},"end":{"line":57,"column":30}},"32":{"start":{"line":58,"column":2},"end":{"line":58,"column":52}},"33":{"start":{"line":62,"column":19},"end":{"line":62,"column":27}},"34":{"start":{"line":63,"column":2},"end":{"line":71,"column":3}},"35":{"start":{"line":64,"column":4},"end":{"line":68,"column":5}},"36":{"start":{"line":65,"column":6},"end":{"line":65,"column":35}},"37":{"start":{"line":67,"column":6},"end":{"line":67,"column":30}},"38":{"start":{"line":70,"column":4},"end":{"line":70,"column":29}},"39":{"start":{"line":72,"column":2},"end":{"line":74,"column":3}},"40":{"start":{"line":73,"column":4},"end":{"line":73,"column":45}},"41":{"start":{"line":75,"column":2},"end":{"line":75,"column":41}},"42":{"start":{"line":78,"column":0},"end":{"line":84,"column":2}}},"fnMap":{"0":{"name":"convertUpdateBody","decl":{"start":{"line":1,"column":9},"end":{"line":1,"column":26}},"loc":{"start":{"line":1,"column":39},"end":{"line":9,"column":1}},"line":1},"1":{"name":"(anonymous_1)","decl":{"start":{"line":3,"column":15},"end":{"line":3,"column":16}},"loc":{"start":{"line":3,"column":20},"end":{"line":7,"column":3}},"line":3},"2":{"name":"convertSortQuery","decl":{"start":{"line":11,"column":9},"end":{"line":11,"column":25}},"loc":{"start":{"line":11,"column":37},"end":{"line":24,"column":1}},"line":11},"3":{"name":"(anonymous_3)","decl":{"start":{"line":15,"column":17},"end":{"line":15,"column":18}},"loc":{"start":{"line":15,"column":24},"end":{"line":21,"column":5}},"line":15},"4":{"name":"convertPagination","decl":{"start":{"line":26,"column":9},"end":{"line":26,"column":26}},"loc":{"start":{"line":26,"column":41},"end":{"line":41,"column":1}},"line":26},"5":{"name":"convertQuery","decl":{"start":{"line":43,"column":9},"end":{"line":43,"column":21}},"loc":{"start":{"line":43,"column":36},"end":{"line":48,"column":1}},"line":43},"6":{"name":"extractS3FolderName","decl":{"start":{"line":50,"column":9},"end":{"line":50,"column":28}},"loc":{"start":{"line":50,"column":38},"end":{"line":53,"column":1}},"line":50},"7":{"name":"extractS3ObjectKey","decl":{"start":{"line":55,"column":9},"end":{"line":55,"column":27}},"loc":{"start":{"line":55,"column":42},"end":{"line":59,"column":1}},"line":55},"8":{"name":"formatResponse","decl":{"start":{"line":61,"column":9},"end":{"line":61,"column":23}},"loc":{"start":{"line":61,"column":50},"end":{"line":76,"column":1}},"line":61}},"branchMap":{"0":{"loc":{"start":{"line":4,"column":4},"end":{"line":6,"column":5}},"type":"if","locations":[{"start":{"line":4,"column":4},"end":{"line":6,"column":5}},{"start":{"line":4,"column":4},"end":{"line":6,"column":5}}],"line":4},"1":{"loc":{"start":{"line":13,"column":2},"end":{"line":22,"column":3}},"type":"if","locations":[{"start":{"line":13,"column":2},"end":{"line":22,"column":3}},{"start":{"line":13,"column":2},"end":{"line":22,"column":3}}],"line":13},"2":{"loc":{"start":{"line":16,"column":6},"end":{"line":20,"column":7}},"type":"if","locations":[{"start":{"line":16,"column":6},"end":{"line":20,"column":7}},{"start":{"line":16,"column":6},"end":{"line":20,"column":7}}],"line":16},"3":{"loc":{"start":{"line":27,"column":2},"end":{"line":29,"column":3}},"type":"if","locations":[{"start":{"line":27,"column":2},"end":{"line":29,"column":3}},{"start":{"line":27,"column":2},"end":{"line":29,"column":3}}],"line":27},"4":{"loc":{"start":{"line":31,"column":13},"end":{"line":31,"column":43}},"type":"binary-expr","locations":[{"start":{"line":31,"column":13},"end":{"line":31,"column":37}},{"start":{"line":31,"column":41},"end":{"line":31,"column":43}}],"line":31},"5":{"loc":{"start":{"line":32,"column":9},"end":{"line":32,"column":34}},"type":"binary-expr","locations":[{"start":{"line":32,"column":9},"end":{"line":32,"column":29}},{"start":{"line":32,"column":33},"end":{"line":32,"column":34}}],"line":32},"6":{"loc":{"start":{"line":33,"column":2},"end":{"line":35,"column":3}},"type":"if","locations":[{"start":{"line":33,"column":2},"end":{"line":35,"column":3}},{"start":{"line":33,"column":2},"end":{"line":35,"column":3}}],"line":33},"7":{"loc":{"start":{"line":37,"column":2},"end":{"line":39,"column":3}},"type":"if","locations":[{"start":{"line":37,"column":2},"end":{"line":39,"column":3}},{"start":{"line":37,"column":2},"end":{"line":39,"column":3}}],"line":37},"8":{"loc":{"start":{"line":61,"column":38},"end":{"line":61,"column":48}},"type":"default-arg","locations":[{"start":{"line":61,"column":45},"end":{"line":61,"column":48}}],"line":61},"9":{"loc":{"start":{"line":63,"column":2},"end":{"line":71,"column":3}},"type":"if","locations":[{"start":{"line":63,"column":2},"end":{"line":71,"column":3}},{"start":{"line":63,"column":2},"end":{"line":71,"column":3}}],"line":63},"10":{"loc":{"start":{"line":64,"column":4},"end":{"line":68,"column":5}},"type":"if","locations":[{"start":{"line":64,"column":4},"end":{"line":68,"column":5}},{"start":{"line":64,"column":4},"end":{"line":68,"column":5}}],"line":64},"11":{"loc":{"start":{"line":72,"column":2},"end":{"line":74,"column":3}},"type":"if","locations":[{"start":{"line":72,"column":2},"end":{"line":74,"column":3}},{"start":{"line":72,"column":2},"end":{"line":74,"column":3}}],"line":72}},"s":{"0":9,"1":9,"2":24,"3":10,"4":9,"5":18,"6":18,"7":6,"8":6,"9":8,"10":4,"11":4,"12":18,"13":18,"14":0,"15":18,"16":18,"17":18,"18":18,"19":0,"20":18,"21":18,"22":0,"23":18,"24":18,"25":18,"26":18,"27":18,"28":9,"29":9,"30":0,"31":0,"32":0,"33":96,"34":96,"35":41,"36":18,"37":23,"38":55,"39":96,"40":18,"41":96,"42":7},"f":{"0":9,"1":24,"2":18,"3":8,"4":18,"5":18,"6":9,"7":0,"8":96},"b":{"0":[10,14],"1":[6,12],"2":[4,4],"3":[0,18],"4":[18,12],"5":[18,15],"6":[0,18],"7":[0,18],"8":[35],"9":[41,55],"10":[18,23],"11":[18,78]},"_coverageSchema":"43e27e138ebf9cfc5966b082cf9a028302ed4184","hash":"7ec74bf953c0ec9850ec91393aea9928802da8c7"}
,"/Users/mason/Desktop/jr/jr-cms-prd/server/src/utils/jwt.js": {"path":"/Users/mason/Desktop/jr/jr-cms-prd/server/src/utils/jwt.js","statementMap":{"0":{"start":{"line":1,"column":12},"end":{"line":1,"column":35}},"1":{"start":{"line":3,"column":22},"end":{"line":8,"column":1}},"2":{"start":{"line":4,"column":16},"end":{"line":6,"column":4}},"3":{"start":{"line":7,"column":2},"end":{"line":7,"column":15}},"4":{"start":{"line":10,"column":22},"end":{"line":18,"column":1}},"5":{"start":{"line":12,"column":2},"end":{"line":16,"column":3}},"6":{"start":{"line":13,"column":4},"end":{"line":13,"column":53}},"7":{"start":{"line":15,"column":4},"end":{"line":15,"column":16}},"8":{"start":{"line":17,"column":2},"end":{"line":17,"column":17}},"9":{"start":{"line":20,"column":0},"end":{"line":20,"column":50}}},"fnMap":{"0":{"name":"(anonymous_0)","decl":{"start":{"line":3,"column":22},"end":{"line":3,"column":23}},"loc":{"start":{"line":3,"column":28},"end":{"line":8,"column":1}},"line":3},"1":{"name":"(anonymous_1)","decl":{"start":{"line":10,"column":22},"end":{"line":10,"column":23}},"loc":{"start":{"line":10,"column":31},"end":{"line":18,"column":1}},"line":10}},"branchMap":{},"s":{"0":7,"1":7,"2":9,"3":9,"4":7,"5":85,"6":85,"7":2,"8":83,"9":7},"f":{"0":9,"1":85},"b":{},"_coverageSchema":"43e27e138ebf9cfc5966b082cf9a028302ed4184","hash":"e7c2e9e41b6b1ae54d1b6bd7cce5e1f46f460f6b"}
,"/Users/mason/Desktop/jr/jr-cms-prd/server/src/utils/logger.js": {"path":"/Users/mason/Desktop/jr/jr-cms-prd/server/src/utils/logger.js","statementMap":{"0":{"start":{"line":2,"column":45},"end":{"line":2,"column":63}},"1":{"start":{"line":3,"column":0},"end":{"line":3,"column":37}},"2":{"start":{"line":4,"column":13},"end":{"line":4,"column":28}},"3":{"start":{"line":5,"column":11},"end":{"line":5,"column":24}},"4":{"start":{"line":7,"column":12},"end":{"line":7,"column":32}},"5":{"start":{"line":8,"column":21},"end":{"line":8,"column":55}},"6":{"start":{"line":9,"column":23},"end":{"line":9,"column":56}},"7":{"start":{"line":12,"column":0},"end":{"line":12,"column":58}},"8":{"start":{"line":14,"column":0},"end":{"line":14,"column":62}},"9":{"start":{"line":16,"column":16},"end":{"line":24,"column":2}},"10":{"start":{"line":26,"column":18},"end":{"line":34,"column":2}},"11":{"start":{"line":36,"column":29},"end":{"line":58,"column":2}},"12":{"start":{"line":37,"column":2},"end":{"line":45,"column":3}},"13":{"start":{"line":38,"column":4},"end":{"line":44,"column":6}},"14":{"start":{"line":47,"column":2},"end":{"line":55,"column":3}},"15":{"start":{"line":48,"column":4},"end":{"line":54,"column":6}},"16":{"start":{"line":57,"column":2},"end":{"line":57,"column":14}},"17":{"start":{"line":60,"column":21},"end":{"line":70,"column":1}},"18":{"start":{"line":66,"column":6},"end":{"line":68,"column":8}},"19":{"start":{"line":72,"column":22},"end":{"line":77,"column":1}},"20":{"start":{"line":79,"column":19},"end":{"line":83,"column":1}},"21":{"start":{"line":85,"column":15},"end":{"line":93,"column":2}},"22":{"start":{"line":96,"column":0},"end":{"line":100,"column":2}},"23":{"start":{"line":98,"column":4},"end":{"line":98,"column":32}},"24":{"start":{"line":102,"column":0},"end":{"line":102,"column":24}}},"fnMap":{"0":{"name":"(anonymous_0)","decl":{"start":{"line":36,"column":36},"end":{"line":36,"column":37}},"loc":{"start":{"line":36,"column":44},"end":{"line":58,"column":1}},"line":36},"1":{"name":"(anonymous_1)","decl":{"start":{"line":65,"column":4},"end":{"line":65,"column":5}},"loc":{"start":{"line":66,"column":6},"end":{"line":68,"column":8}},"line":66},"2":{"name":"(anonymous_2)","decl":{"start":{"line":97,"column":9},"end":{"line":97,"column":10}},"loc":{"start":{"line":97,"column":20},"end":{"line":99,"column":3}},"line":97}},"branchMap":{"0":{"loc":{"start":{"line":12,"column":0},"end":{"line":12,"column":57}},"type":"binary-expr","locations":[{"start":{"line":12,"column":0},"end":{"line":12,"column":27}},{"start":{"line":12,"column":31},"end":{"line":12,"column":57}}],"line":12},"1":{"loc":{"start":{"line":14,"column":0},"end":{"line":14,"column":61}},"type":"binary-expr","locations":[{"start":{"line":14,"column":0},"end":{"line":14,"column":29}},{"start":{"line":14,"column":33},"end":{"line":14,"column":61}}],"line":14},"2":{"loc":{"start":{"line":37,"column":2},"end":{"line":45,"column":3}},"type":"if","locations":[{"start":{"line":37,"column":2},"end":{"line":45,"column":3}},{"start":{"line":37,"column":2},"end":{"line":45,"column":3}}],"line":37},"3":{"loc":{"start":{"line":47,"column":2},"end":{"line":55,"column":3}},"type":"if","locations":[{"start":{"line":47,"column":2},"end":{"line":55,"column":3}},{"start":{"line":47,"column":2},"end":{"line":55,"column":3}}],"line":47},"4":{"loc":{"start":{"line":67,"column":8},"end":{"line":67,"column":36}},"type":"cond-expr","locations":[{"start":{"line":67,"column":21},"end":{"line":67,"column":31}},{"start":{"line":67,"column":34},"end":{"line":67,"column":36}}],"line":67},"5":{"loc":{"start":{"line":86,"column":9},"end":{"line":86,"column":48}},"type":"cond-expr","locations":[{"start":{"line":86,"column":32},"end":{"line":86,"column":38}},{"start":{"line":86,"column":41},"end":{"line":86,"column":48}}],"line":86}},"s":{"0":7,"1":7,"2":7,"3":7,"4":7,"5":7,"6":7,"7":7,"8":7,"9":7,"10":7,"11":7,"12":218,"13":0,"14":218,"15":0,"16":218,"17":7,"18":218,"19":7,"20":7,"21":7,"22":7,"23":96,"24":7},"f":{"0":218,"1":218,"2":96},"b":{"0":[7,0],"1":[7,0],"2":[0,218],"3":[0,218],"4":[0,218],"5":[0,7]},"_coverageSchema":"43e27e138ebf9cfc5966b082cf9a028302ed4184","hash":"a2dfed058c41a68b049cd863a2f562d855a20961"}
,"/Users/mason/Desktop/jr/jr-cms-prd/server/src/utils/upload.js": {"path":"/Users/mason/Desktop/jr/jr-cms-prd/server/src/utils/upload.js","statementMap":{"0":{"start":{"line":1,"column":15},"end":{"line":1,"column":32}},"1":{"start":{"line":2,"column":17},"end":{"line":2,"column":37}},"2":{"start":{"line":3,"column":12},"end":{"line":3,"column":30}},"3":{"start":{"line":4,"column":32},"end":{"line":4,"column":58}},"4":{"start":{"line":6,"column":15},"end":{"line":6,"column":23}},"5":{"start":{"line":8,"column":0},"end":{"line":18,"column":3}},"6":{"start":{"line":20,"column":11},"end":{"line":20,"column":23}},"7":{"start":{"line":22,"column":19},"end":{"line":29,"column":1}},"8":{"start":{"line":24,"column":2},"end":{"line":28,"column":3}},"9":{"start":{"line":25,"column":4},"end":{"line":25,"column":19}},"10":{"start":{"line":27,"column":4},"end":{"line":27,"column":68}},"11":{"start":{"line":31,"column":20},"end":{"line":44,"column":22}},"12":{"start":{"line":32,"column":2},"end":{"line":44,"column":22}},"13":{"start":{"line":37,"column":8},"end":{"line":37,"column":80}},"14":{"start":{"line":46,"column":20},"end":{"line":52,"column":4}},"15":{"start":{"line":47,"column":2},"end":{"line":52,"column":4}},"16":{"start":{"line":48,"column":4},"end":{"line":51,"column":7}},"17":{"start":{"line":49,"column":6},"end":{"line":49,"column":24}},"18":{"start":{"line":49,"column":15},"end":{"line":49,"column":24}},"19":{"start":{"line":50,"column":6},"end":{"line":50,"column":16}},"20":{"start":{"line":54,"column":27},"end":{"line":59,"column":4}},"21":{"start":{"line":55,"column":2},"end":{"line":59,"column":4}},"22":{"start":{"line":56,"column":4},"end":{"line":58,"column":6}},"23":{"start":{"line":57,"column":6},"end":{"line":57,"column":34}},"24":{"start":{"line":61,"column":0},"end":{"line":65,"column":2}}},"fnMap":{"0":{"name":"(anonymous_0)","decl":{"start":{"line":22,"column":19},"end":{"line":22,"column":20}},"loc":{"start":{"line":22,"column":38},"end":{"line":29,"column":1}},"line":22},"1":{"name":"(anonymous_1)","decl":{"start":{"line":31,"column":20},"end":{"line":31,"column":21}},"loc":{"start":{"line":32,"column":2},"end":{"line":44,"column":22}},"line":32},"2":{"name":"(anonymous_2)","decl":{"start":{"line":36,"column":11},"end":{"line":36,"column":12}},"loc":{"start":{"line":36,"column":30},"end":{"line":38,"column":7}},"line":36},"3":{"name":"(anonymous_3)","decl":{"start":{"line":46,"column":20},"end":{"line":46,"column":21}},"loc":{"start":{"line":47,"column":2},"end":{"line":52,"column":4}},"line":47},"4":{"name":"(anonymous_4)","decl":{"start":{"line":47,"column":14},"end":{"line":47,"column":15}},"loc":{"start":{"line":47,"column":28},"end":{"line":52,"column":3}},"line":47},"5":{"name":"(anonymous_5)","decl":{"start":{"line":48,"column":50},"end":{"line":48,"column":51}},"loc":{"start":{"line":48,"column":65},"end":{"line":51,"column":5}},"line":48},"6":{"name":"(anonymous_6)","decl":{"start":{"line":54,"column":27},"end":{"line":54,"column":28}},"loc":{"start":{"line":55,"column":2},"end":{"line":59,"column":4}},"line":55},"7":{"name":"(anonymous_7)","decl":{"start":{"line":55,"column":14},"end":{"line":55,"column":15}},"loc":{"start":{"line":55,"column":21},"end":{"line":59,"column":3}},"line":55},"8":{"name":"(anonymous_8)","decl":{"start":{"line":56,"column":48},"end":{"line":56,"column":49}},"loc":{"start":{"line":57,"column":6},"end":{"line":57,"column":34}},"line":57}},"branchMap":{"0":{"loc":{"start":{"line":24,"column":2},"end":{"line":28,"column":3}},"type":"if","locations":[{"start":{"line":24,"column":2},"end":{"line":28,"column":3}},{"start":{"line":24,"column":2},"end":{"line":28,"column":3}}],"line":24},"1":{"loc":{"start":{"line":49,"column":6},"end":{"line":49,"column":24}},"type":"if","locations":[{"start":{"line":49,"column":6},"end":{"line":49,"column":24}},{"start":{"line":49,"column":6},"end":{"line":49,"column":24}}],"line":49},"2":{"loc":{"start":{"line":57,"column":6},"end":{"line":57,"column":34}},"type":"cond-expr","locations":[{"start":{"line":57,"column":12},"end":{"line":57,"column":22}},{"start":{"line":57,"column":25},"end":{"line":57,"column":34}}],"line":57}},"s":{"0":7,"1":7,"2":7,"3":7,"4":7,"5":7,"6":7,"7":7,"8":12,"9":9,"10":3,"11":7,"12":21,"13":9,"14":7,"15":6,"16":6,"17":6,"18":0,"19":6,"20":7,"21":6,"22":6,"23":6,"24":7},"f":{"0":12,"1":21,"2":9,"3":6,"4":6,"5":6,"6":6,"7":6,"8":6},"b":{"0":[9,3],"1":[0,6],"2":[3,3]},"_coverageSchema":"43e27e138ebf9cfc5966b082cf9a028302ed4184","hash":"d358c7c2f1d63070d3c154d0e32f0ef6c6633acc"}
,"/Users/mason/Desktop/jr/jr-cms-prd/server/tests/data.js": {"path":"/Users/mason/Desktop/jr/jr-cms-prd/server/tests/data.js","statementMap":{"0":{"start":{"line":1,"column":17},"end":{"line":1,"column":36}},"1":{"start":{"line":2,"column":26},"end":{"line":2,"column":53}},"2":{"start":{"line":4,"column":18},"end":{"line":9,"column":1}},"3":{"start":{"line":10,"column":14},"end":{"line":10,"column":42}},"4":{"start":{"line":12,"column":0},"end":{"line":15,"column":2}}},"fnMap":{},"branchMap":{},"s":{"0":7,"1":7,"2":7,"3":7,"4":7},"f":{},"b":{},"_coverageSchema":"43e27e138ebf9cfc5966b082cf9a028302ed4184","hash":"abdcc87d3c172671f291e2e18e7b2f542715c617"}
}
