TN:
SF:/Users/mason/Desktop/jr/jr-cms-prd/server/src/routes.js
FNF:0
FNH:0
DA:1,7
DA:2,7
DA:3,7
DA:4,7
DA:5,7
DA:6,7
DA:7,7
DA:9,7
DA:11,7
DA:12,7
DA:13,7
DA:14,7
DA:15,7
DA:17,7
LF:14
LH:14
BRF:0
BRH:0
end_of_record
TN:
SF:/Users/mason/Desktop/jr/jr-cms-prd/server/src/server.js
FN:16,(anonymous_0)
FN:18,(anonymous_1)
FN:21,(anonymous_2)
FN:23,(anonymous_3)
FN:40,(anonymous_4)
FN:43,(anonymous_5)
FN:48,(anonymous_6)
FNF:7
FNH:1
FNDA:0,(anonymous_0)
FNDA:0,(anonymous_1)
FNDA:0,(anonymous_2)
FNDA:0,(anonymous_3)
FNDA:6,(anonymous_4)
FNDA:0,(anonymous_5)
FNDA:0,(anonymous_6)
DA:1,7
DA:2,7
DA:3,7
DA:4,7
DA:5,7
DA:6,7
DA:7,7
DA:8,7
DA:10,7
DA:11,7
DA:12,7
DA:13,7
DA:14,7
DA:16,7
DA:17,0
DA:18,0
DA:21,7
DA:22,0
DA:23,0
DA:26,7
DA:27,7
DA:28,7
DA:29,7
DA:31,7
DA:32,7
DA:33,7
DA:34,7
DA:35,7
DA:36,7
DA:37,7
DA:39,7
DA:41,6
DA:42,6
DA:43,0
DA:44,0
DA:49,0
DA:50,0
DA:53,7
LF:38
LH:30
BRDA:27,0,0,7
BRDA:27,0,1,0
BRDA:28,1,0,0
BRDA:28,1,1,7
BRDA:42,2,0,0
BRDA:42,2,1,6
BRF:6
BRH:3
end_of_record
TN:
SF:/Users/mason/Desktop/jr/jr-cms-prd/server/src/controllers/auth.js
FN:6,(anonymous_0)
FNF:1
FNH:1
FNDA:2,(anonymous_0)
DA:1,7
DA:2,7
DA:3,7
DA:5,7
DA:7,2
DA:8,2
DA:9,2
DA:11,1
DA:12,1
LF:9
LH:9
BRDA:9,0,0,1
BRDA:9,0,1,1
BRF:2
BRH:2
end_of_record
TN:
SF:/Users/mason/Desktop/jr/jr-cms-prd/server/src/controllers/course.js
FN:13,getAllCourses
FN:22,getCourse
FN:35,addCourse
FN:49,updateCourse
FN:63,updateImage
FN:79,deleteCourse
FNF:6
FNH:6
FNDA:5,getAllCourses
FNDA:2,getCourse
FNDA:3,addCourse
FNDA:3,updateCourse
FNDA:4,updateImage
FNDA:2,deleteCourse
DA:1,7
DA:2,7
DA:3,7
DA:10,7
DA:11,7
DA:14,5
DA:15,5
DA:17,5
DA:19,5
DA:23,2
DA:24,2
DA:28,2
DA:29,1
DA:32,1
DA:36,3
DA:41,3
DA:46,1
DA:50,3
DA:51,3
DA:52,3
DA:56,2
DA:57,1
DA:60,1
DA:64,4
DA:65,4
DA:66,2
DA:68,2
DA:71,2
DA:72,1
DA:73,1
DA:76,1
DA:80,2
DA:81,2
DA:82,2
DA:83,1
DA:87,1
DA:88,1
DA:90,1
DA:91,0
DA:94,1
DA:97,7
LF:41
LH:40
BRDA:28,0,0,1
BRDA:28,0,1,1
BRDA:56,1,0,1
BRDA:56,1,1,1
BRDA:65,2,0,2
BRDA:65,2,1,2
BRDA:71,3,0,1
BRDA:71,3,1,1
BRDA:82,4,0,1
BRDA:82,4,1,1
BRDA:90,5,0,0
BRDA:90,5,1,1
BRF:12
BRH:11
end_of_record
TN:
SF:/Users/mason/Desktop/jr/jr-cms-prd/server/src/controllers/student.js
FN:12,getAllStudents
FN:21,getStudent
FN:34,addStudent
FN:44,addCourse
FN:57,deleteCourse
FN:71,updateStudent
FN:84,updateAvatar
FN:100,deleteStudent
FNF:8
FNH:8
FNDA:7,getAllStudents
FNDA:2,getStudent
FNDA:4,addStudent
FNDA:3,addCourse
FNDA:3,deleteCourse
FNDA:3,updateStudent
FNDA:4,updateAvatar
FNDA:2,deleteStudent
DA:1,7
DA:2,7
DA:9,7
DA:10,7
DA:13,7
DA:14,7
DA:16,7
DA:18,7
DA:22,2
DA:24,2
DA:28,2
DA:29,1
DA:31,1
DA:35,4
DA:36,4
DA:41,1
DA:45,3
DA:46,3
DA:47,3
DA:48,1
DA:50,2
DA:51,2
DA:52,1
DA:54,1
DA:58,3
DA:59,3
DA:60,3
DA:61,1
DA:63,2
DA:64,2
DA:65,1
DA:67,1
DA:68,1
DA:72,3
DA:73,3
DA:74,3
DA:78,2
DA:79,1
DA:81,1
DA:85,4
DA:86,4
DA:87,2
DA:89,2
DA:92,2
DA:93,1
DA:94,1
DA:97,1
DA:101,2
DA:102,2
DA:103,2
DA:104,1
DA:108,1
DA:110,1
DA:111,0
DA:114,1
DA:117,7
LF:56
LH:55
BRDA:28,0,0,1
BRDA:28,0,1,1
BRDA:47,1,0,1
BRDA:47,1,1,2
BRDA:51,2,0,1
BRDA:51,2,1,1
BRDA:60,3,0,1
BRDA:60,3,1,2
BRDA:64,4,0,1
BRDA:64,4,1,1
BRDA:78,5,0,1
BRDA:78,5,1,1
BRDA:86,6,0,2
BRDA:86,6,1,2
BRDA:92,7,0,1
BRDA:92,7,1,1
BRDA:103,8,0,1
BRDA:103,8,1,1
BRDA:110,9,0,0
BRDA:110,9,1,1
BRF:20
BRH:19
end_of_record
TN:
SF:/Users/mason/Desktop/jr/jr-cms-prd/server/src/controllers/teacher.js
FN:11,getAllTeachers
FN:20,getTeacher
FN:33,addTeacher
FN:43,addCourse
FN:56,deleteCourse
FN:70,updateTeacher
FN:83,updateAvatar
FN:99,deleteTeacher
FNF:8
FNH:8
FNDA:6,getAllTeachers
FNDA:2,getTeacher
FNDA:4,addTeacher
FNDA:3,addCourse
FNDA:3,deleteCourse
FNDA:3,updateTeacher
FNDA:4,updateAvatar
FNDA:2,deleteTeacher
DA:1,7
DA:2,7
DA:8,7
DA:9,7
DA:12,6
DA:13,6
DA:15,6
DA:17,6
DA:21,2
DA:23,2
DA:27,2
DA:28,1
DA:30,1
DA:34,4
DA:35,4
DA:40,1
DA:44,3
DA:45,3
DA:46,3
DA:47,1
DA:49,2
DA:50,2
DA:51,1
DA:53,1
DA:57,3
DA:58,3
DA:59,3
DA:60,1
DA:62,2
DA:63,2
DA:64,1
DA:66,1
DA:67,1
DA:71,3
DA:72,3
DA:73,3
DA:77,2
DA:78,1
DA:80,1
DA:84,4
DA:85,4
DA:86,2
DA:88,2
DA:91,2
DA:92,1
DA:93,1
DA:96,1
DA:100,2
DA:101,2
DA:102,2
DA:103,1
DA:107,1
DA:109,1
DA:110,0
DA:113,1
DA:116,7
LF:56
LH:55
BRDA:27,0,0,1
BRDA:27,0,1,1
BRDA:46,1,0,1
BRDA:46,1,1,2
BRDA:50,2,0,1
BRDA:50,2,1,1
BRDA:59,3,0,1
BRDA:59,3,1,2
BRDA:63,4,0,1
BRDA:63,4,1,1
BRDA:77,5,0,1
BRDA:77,5,1,1
BRDA:85,6,0,2
BRDA:85,6,1,2
BRDA:91,7,0,1
BRDA:91,7,1,1
BRDA:102,8,0,1
BRDA:102,8,1,1
BRDA:109,9,0,0
BRDA:109,9,1,1
BRF:20
BRH:19
end_of_record
TN:
SF:/Users/mason/Desktop/jr/jr-cms-prd/server/src/controllers/user.js
FN:6,(anonymous_0)
FN:10,(anonymous_1)
FNF:2
FNH:2
FNDA:2,(anonymous_0)
FNDA:3,(anonymous_1)
DA:1,7
DA:2,7
DA:3,7
DA:5,7
DA:7,2
DA:8,2
DA:11,3
DA:13,3
DA:14,3
DA:15,1
DA:17,2
DA:18,1
DA:19,1
LF:13
LH:13
BRDA:14,0,0,1
BRDA:14,0,1,2
BRF:2
BRH:2
end_of_record
TN:
SF:/Users/mason/Desktop/jr/jr-cms-prd/server/src/middlewares/authGuard.js
FN:4,(anonymous_0)
FNF:1
FNH:1
FNDA:87,(anonymous_0)
DA:1,7
DA:2,7
DA:4,7
DA:5,87
DA:6,87
DA:7,1
DA:12,86
DA:13,86
DA:14,1
DA:19,85
DA:20,85
DA:21,83
DA:22,83
DA:24,2
LF:14
LH:14
BRDA:6,0,0,1
BRDA:6,0,1,86
BRDA:13,1,0,1
BRDA:13,1,1,85
BRDA:13,2,0,86
BRDA:13,2,1,85
BRDA:20,3,0,83
BRDA:20,3,1,2
BRF:8
BRH:8
end_of_record
TN:
SF:/Users/mason/Desktop/jr/jr-cms-prd/server/src/middlewares/errorHandler.js
FN:4,parseValidationError
FN:12,(anonymous_1)
FNF:2
FNH:2
FNDA:12,parseValidationError
FNDA:18,(anonymous_1)
DA:1,7
DA:2,7
DA:5,12
DA:7,12
DA:8,12
DA:9,12
DA:12,7
DA:13,18
DA:14,12
DA:17,6
DA:18,0
DA:20,6
DA:21,6
DA:23,0
DA:24,0
DA:25,0
DA:26,0
DA:27,0
LF:18
LH:12
BRDA:13,0,0,12
BRDA:13,0,1,6
BRDA:17,1,0,0
BRDA:17,1,1,6
BRDA:20,2,0,6
BRDA:20,2,1,0
BRF:6
BRH:4
end_of_record
TN:
SF:/Users/mason/Desktop/jr/jr-cms-prd/server/src/middlewares/validateAuth.js
FN:4,validate
FN:17,(anonymous_1)
FNF:2
FNH:2
FNDA:9,validate
FNDA:9,(anonymous_1)
DA:1,7
DA:2,7
DA:5,9
DA:15,9
DA:17,7
DA:18,9
DA:19,9
DA:20,4
DA:22,5
LF:9
LH:9
BRDA:19,0,0,4
BRDA:19,0,1,5
BRF:2
BRH:2
end_of_record
TN:
SF:/Users/mason/Desktop/jr/jr-cms-prd/server/src/middlewares/validateId.js
FN:4,(anonymous_0)
FNF:1
FNH:1
FNDA:39,(anonymous_0)
DA:1,7
DA:2,7
DA:4,7
DA:5,39
DA:6,39
DA:7,1
DA:9,38
LF:7
LH:7
BRDA:6,0,0,1
BRDA:6,0,1,38
BRF:2
BRH:2
end_of_record
TN:
SF:/Users/mason/Desktop/jr/jr-cms-prd/server/src/models/course.js
FN:25,(anonymous_0)
FN:45,(anonymous_1)
FNF:2
FNH:2
FNDA:2,(anonymous_0)
FNDA:1,(anonymous_1)
DA:2,7
DA:3,7
DA:5,7
DA:25,2
DA:45,7
DA:46,1
DA:47,1
DA:53,7
LF:8
LH:8
BRF:0
BRH:0
end_of_record
TN:
SF:/Users/mason/Desktop/jr/jr-cms-prd/server/src/models/personSchema.js
FN:23,(anonymous_0)
FN:30,(anonymous_1)
FN:51,(anonymous_2)
FN:55,(anonymous_3)
FN:85,(anonymous_4)
FNF:5
FNH:5
FNDA:30,(anonymous_0)
FNDA:4,(anonymous_1)
FNDA:38,(anonymous_2)
FNDA:3,(anonymous_3)
FNDA:7,(anonymous_4)
DA:2,7
DA:3,7
DA:5,7
DA:23,30
DA:30,4
DA:51,7
DA:52,38
DA:55,7
DA:56,3
DA:57,3
DA:78,3
DA:79,1
DA:81,3
DA:85,7
LF:14
LH:14
BRDA:78,0,0,1
BRDA:78,0,1,2
BRF:2
BRH:2
end_of_record
TN:
SF:/Users/mason/Desktop/jr/jr-cms-prd/server/src/models/student.js
FNF:0
FNH:0
DA:1,7
DA:2,7
DA:4,7
LF:3
LH:3
BRF:0
BRH:0
end_of_record
TN:
SF:/Users/mason/Desktop/jr/jr-cms-prd/server/src/models/teacher.js
FNF:0
FNH:0
DA:1,7
DA:2,7
DA:4,7
LF:3
LH:3
BRF:0
BRH:0
end_of_record
TN:
SF:/Users/mason/Desktop/jr/jr-cms-prd/server/src/models/user.js
FN:22,(anonymous_0)
FN:38,(anonymous_1)
FN:42,(anonymous_2)
FNF:3
FNH:3
FNDA:2,(anonymous_0)
FNDA:2,(anonymous_1)
FNDA:2,(anonymous_2)
DA:3,7
DA:4,7
DA:5,7
DA:7,7
DA:22,2
DA:38,7
DA:39,2
DA:42,7
DA:43,2
DA:44,2
DA:47,7
DA:49,7
LF:12
LH:12
BRF:0
BRH:0
end_of_record
TN:
SF:/Users/mason/Desktop/jr/jr-cms-prd/server/src/routes/auth.js
FNF:0
FNH:0
DA:1,7
DA:2,7
DA:3,7
DA:5,7
DA:7,7
DA:9,7
LF:6
LH:6
BRF:0
BRH:0
end_of_record
TN:
SF:/Users/mason/Desktop/jr/jr-cms-prd/server/src/routes/course.js
FNF:0
FNH:0
DA:1,7
DA:9,7
DA:10,7
DA:12,7
DA:13,7
DA:14,7
DA:15,7
DA:16,7
DA:17,7
DA:19,7
LF:10
LH:10
BRF:0
BRH:0
end_of_record
TN:
SF:/Users/mason/Desktop/jr/jr-cms-prd/server/src/routes/student.js
FNF:0
FNH:0
DA:1,7
DA:11,7
DA:12,7
DA:13,7
DA:15,7
DA:16,7
DA:17,7
DA:18,7
DA:19,7
DA:20,7
DA:26,7
DA:27,7
DA:29,7
LF:13
LH:13
BRF:0
BRH:0
end_of_record
TN:
SF:/Users/mason/Desktop/jr/jr-cms-prd/server/src/routes/teacher.js
FNF:0
FNH:0
DA:1,7
DA:11,7
DA:12,7
DA:13,7
DA:15,7
DA:16,7
DA:17,7
DA:18,7
DA:19,7
DA:20,7
DA:26,7
DA:27,7
DA:29,7
LF:13
LH:13
BRF:0
BRH:0
end_of_record
TN:
SF:/Users/mason/Desktop/jr/jr-cms-prd/server/src/routes/user.js
FNF:0
FNH:0
DA:1,7
DA:2,7
DA:3,7
DA:4,7
DA:6,7
DA:8,7
DA:10,7
DA:12,7
LF:8
LH:8
BRF:0
BRH:0
end_of_record
TN:
SF:/Users/mason/Desktop/jr/jr-cms-prd/server/src/services/course.js
FN:5,(anonymous_0)
FN:18,(anonymous_1)
FN:32,(anonymous_2)
FN:41,(anonymous_3)
FNF:4
FNH:4
FNDA:1,(anonymous_0)
FNDA:1,(anonymous_1)
FNDA:1,(anonymous_2)
FNDA:1,(anonymous_3)
DA:1,7
DA:2,7
DA:6,1
DA:19,1
DA:33,1
DA:42,1
DA:50,7
LF:7
LH:7
BRF:0
BRH:0
end_of_record
TN:
SF:/Users/mason/Desktop/jr/jr-cms-prd/server/src/services/person.js
FN:4,(anonymous_0)
FN:17,(anonymous_1)
FN:29,(anonymous_2)
FNF:3
FNH:3
FNDA:2,(anonymous_0)
FNDA:4,(anonymous_1)
FNDA:4,(anonymous_2)
DA:1,7
DA:5,2
DA:18,4
DA:30,4
DA:42,7
LF:5
LH:5
BRF:0
BRH:0
end_of_record
TN:
SF:/Users/mason/Desktop/jr/jr-cms-prd/server/src/services/service.js
FN:2,(anonymous_0)
FN:6,(anonymous_1)
FN:11,(anonymous_2)
FN:15,(anonymous_3)
FN:29,(anonymous_4)
FN:32,(anonymous_5)
FN:44,(anonymous_6)
FN:51,(anonymous_7)
FN:58,(anonymous_8)
FNF:9
FNH:9
FNDA:28,(anonymous_0)
FNDA:18,(anonymous_1)
FNDA:14,(anonymous_2)
FNDA:18,(anonymous_3)
FNDA:6,(anonymous_4)
FNDA:8,(anonymous_5)
FNDA:11,(anonymous_6)
FNDA:15,(anonymous_7)
FNDA:6,(anonymous_8)
DA:3,28
DA:7,18
DA:8,18
DA:12,14
DA:16,18
DA:18,18
DA:19,4
DA:21,14
DA:22,14
DA:23,14
DA:25,18
DA:30,6
DA:31,6
DA:32,6
DA:33,8
DA:34,8
DA:35,8
DA:37,0
DA:41,6
DA:45,11
DA:46,11
DA:47,3
DA:52,15
DA:59,6
DA:63,7
LF:25
LH:24
BRDA:18,0,0,4
BRDA:18,0,1,14
BRDA:31,1,0,6
BRDA:31,1,1,0
BRDA:34,2,0,8
BRDA:34,2,1,0
BRF:6
BRH:4
end_of_record
TN:
SF:/Users/mason/Desktop/jr/jr-cms-prd/server/src/services/student.js
FNF:0
FNH:0
DA:1,7
DA:2,7
DA:6,7
LF:3
LH:3
BRF:0
BRH:0
end_of_record
TN:
SF:/Users/mason/Desktop/jr/jr-cms-prd/server/src/services/teacher.js
FNF:0
FNH:0
DA:1,7
DA:2,7
DA:6,7
LF:3
LH:3
BRF:0
BRH:0
end_of_record
TN:
SF:/Users/mason/Desktop/jr/jr-cms-prd/server/src/services/user.js
FN:5,(anonymous_0)
FN:12,(anonymous_1)
FN:16,(anonymous_2)
FNF:3
FNH:3
FNDA:2,(anonymous_0)
FNDA:3,(anonymous_1)
FNDA:2,(anonymous_2)
DA:1,7
DA:2,7
DA:6,2
DA:7,2
DA:8,2
DA:9,1
DA:13,3
DA:17,2
DA:18,2
DA:19,2
DA:23,7
LF:11
LH:11
BRDA:19,0,0,1
BRDA:19,0,1,1
BRF:2
BRH:2
end_of_record
TN:
SF:/Users/mason/Desktop/jr/jr-cms-prd/server/src/utils/db.js
FN:4,(anonymous_0)
FNF:1
FNH:1
FNDA:7,(anonymous_0)
DA:1,7
DA:2,7
DA:4,7
DA:5,7
DA:6,7
DA:7,0
DA:11,7
DA:12,0
DA:14,7
DA:17,7
DA:18,7
DA:19,7
LF:12
LH:10
BRDA:6,0,0,0
BRDA:6,0,1,7
BRDA:6,1,0,7
BRDA:6,1,1,7
BRDA:6,1,2,7
BRDA:11,2,0,0
BRDA:11,2,1,7
BRDA:11,3,0,7
BRDA:11,3,1,0
BRF:9
BRH:6
end_of_record
TN:
SF:/Users/mason/Desktop/jr/jr-cms-prd/server/src/utils/helper.js
FN:1,convertUpdateBody
FN:3,(anonymous_1)
FN:11,convertSortQuery
FN:15,(anonymous_3)
FN:26,convertPagination
FN:43,convertQuery
FN:50,extractS3FolderName
FN:55,extractS3ObjectKey
FN:61,formatResponse
FNF:9
FNH:8
FNDA:9,convertUpdateBody
FNDA:24,(anonymous_1)
FNDA:18,convertSortQuery
FNDA:8,(anonymous_3)
FNDA:18,convertPagination
FNDA:18,convertQuery
FNDA:9,extractS3FolderName
FNDA:0,extractS3ObjectKey
FNDA:96,formatResponse
DA:2,9
DA:3,9
DA:4,24
DA:5,10
DA:8,9
DA:12,18
DA:13,18
DA:14,6
DA:15,6
DA:16,8
DA:17,4
DA:19,4
DA:23,18
DA:27,18
DA:28,0
DA:30,18
DA:31,18
DA:32,18
DA:33,18
DA:34,0
DA:36,18
DA:37,18
DA:38,0
DA:40,18
DA:44,18
DA:45,18
DA:46,18
DA:47,18
DA:51,9
DA:52,9
DA:56,0
DA:57,0
DA:58,0
DA:62,96
DA:63,96
DA:64,41
DA:65,18
DA:67,23
DA:70,55
DA:72,96
DA:73,18
DA:75,96
DA:78,7
LF:43
LH:37
BRDA:4,0,0,10
BRDA:4,0,1,14
BRDA:13,1,0,6
BRDA:13,1,1,12
BRDA:16,2,0,4
BRDA:16,2,1,4
BRDA:27,3,0,0
BRDA:27,3,1,18
BRDA:31,4,0,18
BRDA:31,4,1,12
BRDA:32,5,0,18
BRDA:32,5,1,15
BRDA:33,6,0,0
BRDA:33,6,1,18
BRDA:37,7,0,0
BRDA:37,7,1,18
BRDA:61,8,0,35
BRDA:63,9,0,41
BRDA:63,9,1,55
BRDA:64,10,0,18
BRDA:64,10,1,23
BRDA:72,11,0,18
BRDA:72,11,1,78
BRF:23
BRH:20
end_of_record
TN:
SF:/Users/mason/Desktop/jr/jr-cms-prd/server/src/utils/jwt.js
FN:3,(anonymous_0)
FN:10,(anonymous_1)
FNF:2
FNH:2
FNDA:9,(anonymous_0)
FNDA:85,(anonymous_1)
DA:1,7
DA:3,7
DA:4,9
DA:7,9
DA:10,7
DA:12,85
DA:13,85
DA:15,2
DA:17,83
DA:20,7
LF:10
LH:10
BRF:0
BRH:0
end_of_record
TN:
SF:/Users/mason/Desktop/jr/jr-cms-prd/server/src/utils/logger.js
FN:36,(anonymous_0)
FN:65,(anonymous_1)
FN:97,(anonymous_2)
FNF:3
FNH:3
FNDA:218,(anonymous_0)
FNDA:218,(anonymous_1)
FNDA:96,(anonymous_2)
DA:2,7
DA:3,7
DA:4,7
DA:5,7
DA:7,7
DA:8,7
DA:9,7
DA:12,7
DA:14,7
DA:16,7
DA:26,7
DA:36,7
DA:37,218
DA:38,0
DA:47,218
DA:48,0
DA:57,218
DA:60,7
DA:66,218
DA:72,7
DA:79,7
DA:85,7
DA:96,7
DA:98,96
DA:102,7
LF:25
LH:23
BRDA:12,0,0,7
BRDA:12,0,1,0
BRDA:14,1,0,7
BRDA:14,1,1,0
BRDA:37,2,0,0
BRDA:37,2,1,218
BRDA:47,3,0,0
BRDA:47,3,1,218
BRDA:67,4,0,0
BRDA:67,4,1,218
BRDA:86,5,0,0
BRDA:86,5,1,7
BRF:12
BRH:6
end_of_record
TN:
SF:/Users/mason/Desktop/jr/jr-cms-prd/server/src/utils/upload.js
FN:22,(anonymous_0)
FN:31,(anonymous_1)
FN:36,(anonymous_2)
FN:46,(anonymous_3)
FN:47,(anonymous_4)
FN:48,(anonymous_5)
FN:54,(anonymous_6)
FN:55,(anonymous_7)
FN:56,(anonymous_8)
FNF:9
FNH:9
FNDA:12,(anonymous_0)
FNDA:21,(anonymous_1)
FNDA:9,(anonymous_2)
FNDA:6,(anonymous_3)
FNDA:6,(anonymous_4)
FNDA:6,(anonymous_5)
FNDA:6,(anonymous_6)
FNDA:6,(anonymous_7)
FNDA:6,(anonymous_8)
DA:1,7
DA:2,7
DA:3,7
DA:4,7
DA:6,7
DA:8,7
DA:20,7
DA:22,7
DA:24,12
DA:25,9
DA:27,3
DA:31,7
DA:32,21
DA:37,9
DA:46,7
DA:47,6
DA:48,6
DA:49,6
DA:50,6
DA:54,7
DA:55,6
DA:56,6
DA:57,6
DA:61,7
LF:24
LH:24
BRDA:24,0,0,9
BRDA:24,0,1,3
BRDA:49,1,0,0
BRDA:49,1,1,6
BRDA:57,2,0,3
BRDA:57,2,1,3
BRF:6
BRH:5
end_of_record
TN:
SF:/Users/mason/Desktop/jr/jr-cms-prd/server/tests/data.js
FNF:0
FNH:0
DA:1,7
DA:2,7
DA:4,7
DA:10,7
DA:12,7
LF:5
LH:5
BRF:0
BRH:0
end_of_record
